Starting script
Fri Apr 12 19:34:44 CEST 2019
Initializing...
/scratch/scheduler.py:236: FutureWarning: comparison to `None` will result in an elementwise object comparison in the future.
  if None in outputs:
RBC discarded by HemoCell in stage_0/batch_159/run_6/tmp/hdf5/, returning dummy value
Return code: -11
Task failed in process 4, restarting task
Return code: -11
Task failed in process 0, restarting task
RBC discarded by HemoCell in stage_0/batch_319/run_5/tmp/hdf5/, returning dummy value
RBC discarded by HemoCell in stage_0/batch_361/run_6/tmp/hdf5/, returning dummy value
RBC discarded by HemoCell in stage_0/batch_369/run_5/tmp/hdf5/, returning dummy value
RBC discarded by HemoCell in stage_0/batch_397/run_6/tmp/hdf5/, returning dummy value
Running stage 1...
Current tolerance value: 0.0629972396477
Percentage accepted from group 1: 0.750000
Percentage accepted from group 2: 0.600000
RBC discarded by HemoCell in stage_1/chain_20_batch_4/run_6/tmp/hdf5/, returning dummy value
Percentage accepted from group 3: 0.625000
Percentage accepted from group 4: 0.525000
RBC discarded by HemoCell in stage_1/chain_47_batch_1/run_6/tmp/hdf5/, returning dummy value
RBC discarded by HemoCell in stage_1/chain_43_batch_2/run_6/tmp/hdf5/, returning dummy value
Percentage accepted from group 5: 0.600000
Percentage accepted from group 6: 0.375000
Percentage accepted from group 7: 0.500000
Return code: -11
Task failed in process 6, restarting task
Percentage accepted from group 8: 0.475000
Percentage accepted from group 9: 0.525000
RBC discarded by HemoCell in stage_1/chain_99_batch_1/run_6/tmp/hdf5/, returning dummy value
Percentage accepted from group 10: 0.450000
Running stage 2...
Current tolerance value: 0.039827303115
Return code: -11
Task failed in process 9, restarting task
RBC discarded by HemoCell in stage_2/chain_6_batch_4/run_6/tmp/hdf5/, returning dummy value
Percentage accepted from group 1: 0.225000
RBC discarded by HemoCell in stage_2/chain_11_batch_2/run_6/tmp/hdf5/, returning dummy value
Percentage accepted from group 2: 0.125000
Percentage accepted from group 3: 0.125000
Percentage accepted from group 4: 0.175000
Percentage accepted from group 5: 0.225000
Percentage accepted from group 6: 0.100000
Percentage accepted from group 7: 0.475000
Percentage accepted from group 8: 0.350000
Percentage accepted from group 9: 0.350000
Percentage accepted from group 10: 0.550000
Running stage 3...
Current tolerance value: 0.0303688745571
Percentage accepted from group 1: 0.500000
Percentage accepted from group 2: 0.450000
Percentage accepted from group 3: 0.550000
Percentage accepted from group 4: 0.375000
Return code: -11
Task failed in process 15, restarting task
Percentage accepted from group 5: 0.525000
Percentage accepted from group 6: 0.450000
Percentage accepted from group 7: 0.600000
