Starting script
Mon Apr  8 17:51:23 CEST 2019
Initializing...
RBC discarded by HemoCell in stage_0/batch_18/run_6/tmp/hdf5/, returning dummy value
RBC discarded by HemoCell in stage_0/batch_28/run_6/tmp/hdf5/, returning dummy value
RBC discarded by HemoCell in stage_0/batch_31/run_6/tmp/hdf5/, returning dummy value
RBC discarded by HemoCell in stage_0/batch_120/run_6/tmp/hdf5/, returning dummy value
RBC discarded by HemoCell in stage_0/batch_122/run_6/tmp/hdf5/, returning dummy value
RBC discarded by HemoCell in stage_0/batch_134/run_6/tmp/hdf5/, returning dummy value
RBC discarded by HemoCell in stage_0/batch_138/run_6/tmp/hdf5/, returning dummy value
RBC discarded by HemoCell in stage_0/batch_152/run_6/tmp/hdf5/, returning dummy value
RBC discarded by HemoCell in stage_0/batch_156/run_6/tmp/hdf5/, returning dummy value
RBC discarded by HemoCell in stage_0/batch_159/run_6/tmp/hdf5/, returning dummy value
RBC discarded by HemoCell in stage_0/batch_162/run_6/tmp/hdf5/, returning dummy value
RBC discarded by HemoCell in stage_0/batch_185/run_6/tmp/hdf5/, returning dummy value
RBC discarded by HemoCell in stage_0/batch_192/run_6/tmp/hdf5/, returning dummy value
RBC discarded by HemoCell in stage_0/batch_210/run_6/tmp/hdf5/, returning dummy value
RBC discarded by HemoCell in stage_0/batch_234/run_6/tmp/hdf5/, returning dummy value
RBC discarded by HemoCell in stage_0/batch_238/run_6/tmp/hdf5/, returning dummy value
RBC discarded by HemoCell in stage_0/batch_252/run_6/tmp/hdf5/, returning dummy value
RBC discarded by HemoCell in stage_0/batch_260/run_6/tmp/hdf5/, returning dummy value
RBC discarded by HemoCell in stage_0/batch_314/run_6/tmp/hdf5/, returning dummy value
RBC discarded by HemoCell in stage_0/batch_319/run_5/tmp/hdf5/, returning dummy value
RBC discarded by HemoCell in stage_0/batch_327/run_6/tmp/hdf5/, returning dummy value
RBC discarded by HemoCell in stage_0/batch_332/run_6/tmp/hdf5/, returning dummy value
RBC discarded by HemoCell in stage_0/batch_335/run_6/tmp/hdf5/, returning dummy value
RBC discarded by HemoCell in stage_0/batch_361/run_6/tmp/hdf5/, returning dummy value
RBC discarded by HemoCell in stage_0/batch_369/run_5/tmp/hdf5/, returning dummy value
RBC discarded by HemoCell in stage_0/batch_397/run_6/tmp/hdf5/, returning dummy value
RBC discarded by HemoCell in stage_0/batch_421/run_6/tmp/hdf5/, returning dummy value
RBC discarded by HemoCell in stage_0/batch_440/run_6/tmp/hdf5/, returning dummy value
RBC discarded by HemoCell in stage_0/batch_446/run_6/tmp/hdf5/, returning dummy value
Running stage 1...
Current tolerance value: 0.0682757715453
Percentage accepted from group 1: 0.600000
RBC discarded by HemoCell in stage_1/chain_15_batch_2/run_6/tmp/hdf5/, returning dummy value
Percentage accepted from group 2: 0.675000
RBC discarded by HemoCell in stage_1/chain_28_batch_1/run_6/tmp/hdf5/, returning dummy value
RBC discarded by HemoCell in stage_1/chain_23_batch_3/run_6/tmp/hdf5/, returning dummy value
RBC discarded by HemoCell in stage_1/chain_26_batch_3/run_6/tmp/hdf5/, returning dummy value
RBC discarded by HemoCell in stage_1/chain_28_batch_3/run_6/tmp/hdf5/, returning dummy value
Percentage accepted from group 3: 0.600000
RBC discarded by HemoCell in stage_1/chain_35_batch_2/run_6/tmp/hdf5/, returning dummy value
RBC discarded by HemoCell in stage_1/chain_31_batch_3/run_6/tmp/hdf5/, returning dummy value
RBC discarded by HemoCell in stage_1/chain_34_batch_4/run_6/tmp/hdf5/, returning dummy value
Percentage accepted from group 4: 0.475000
RBC discarded by HemoCell in stage_1/chain_41_batch_1/run_6/tmp/hdf5/, returning dummy value
RBC discarded by HemoCell in stage_1/chain_47_batch_1/run_6/tmp/hdf5/, returning dummy value
RBC discarded by HemoCell in stage_1/chain_43_batch_2/run_6/tmp/hdf5/, returning dummy value
Percentage accepted from group 5: 0.550000
RBC discarded by HemoCell in stage_1/chain_57_batch_1/run_6/tmp/hdf5/, returning dummy value
RBC discarded by HemoCell in stage_1/chain_57_batch_4/run_6/tmp/hdf5/, returning dummy value
Percentage accepted from group 6: 0.375000
RBC discarded by HemoCell in stage_1/chain_61_batch_2/run_6/tmp/hdf5/, returning dummy value
RBC discarded by HemoCell in stage_1/chain_65_batch_3/run_6/tmp/hdf5/, returning dummy value
Percentage accepted from group 7: 0.625000
RBC discarded by HemoCell in stage_1/chain_75_batch_2/run_6/tmp/hdf5/, returning dummy value
RBC discarded by HemoCell in stage_1/chain_75_batch_4/run_6/tmp/hdf5/, returning dummy value
Percentage accepted from group 8: 0.350000
RBC discarded by HemoCell in stage_1/chain_84_batch_3/run_6/tmp/hdf5/, returning dummy value
RBC discarded by HemoCell in stage_1/chain_86_batch_4/run_6/tmp/hdf5/, returning dummy value
Percentage accepted from group 9: 0.500000
RBC discarded by HemoCell in stage_1/chain_96_batch_1/run_6/tmp/hdf5/, returning dummy value
RBC discarded by HemoCell in stage_1/chain_98_batch_4/run_6/tmp/hdf5/, returning dummy value
Percentage accepted from group 10: 0.550000
Running stage 2...
Current tolerance value: 0.0474910380845
RBC discarded by HemoCell in stage_2/chain_6_batch_1/run_6/tmp/hdf5/, returning dummy value
RBC discarded by HemoCell in stage_2/chain_0_batch_2/run_5/tmp/hdf5/, returning dummy value
RBC discarded by HemoCell in stage_2/chain_0_batch_2/run_6/tmp/hdf5/, returning dummy value
RBC discarded by HemoCell in stage_2/chain_6_batch_2/run_6/tmp/hdf5/, returning dummy value
RBC discarded by HemoCell in stage_2/chain_1_batch_3/run_6/tmp/hdf5/, returning dummy value
RBC discarded by HemoCell in stage_2/chain_4_batch_3/run_6/tmp/hdf5/, returning dummy value
RBC discarded by HemoCell in stage_2/chain_5_batch_3/run_6/tmp/hdf5/, returning dummy value
RBC discarded by HemoCell in stage_2/chain_7_batch_3/run_6/tmp/hdf5/, returning dummy value
RBC discarded by HemoCell in stage_2/chain_2_batch_4/run_6/tmp/hdf5/, returning dummy value
Percentage accepted from group 1: 0.225000
RBC discarded by HemoCell in stage_2/chain_10_batch_1/run_6/tmp/hdf5/, returning dummy value
RBC discarded by HemoCell in stage_2/chain_15_batch_1/run_6/tmp/hdf5/, returning dummy value
RBC discarded by HemoCell in stage_2/chain_14_batch_2/run_6/tmp/hdf5/, returning dummy value
RBC discarded by HemoCell in stage_2/chain_10_batch_4/run_6/tmp/hdf5/, returning dummy value
Percentage accepted from group 2: 0.325000
Percentage accepted from group 3: 0.200000
RBC discarded by HemoCell in stage_2/chain_31_batch_1/run_6/tmp/hdf5/, returning dummy value
RBC discarded by HemoCell in stage_2/chain_33_batch_2/run_6/tmp/hdf5/, returning dummy value
RBC discarded by HemoCell in stage_2/chain_31_batch_4/run_6/tmp/hdf5/, returning dummy value
RBC discarded by HemoCell in stage_2/chain_38_batch_4/run_6/tmp/hdf5/, returning dummy value
Percentage accepted from group 4: 0.275000
RBC discarded by HemoCell in stage_2/chain_42_batch_3/run_6/tmp/hdf5/, returning dummy value
RBC discarded by HemoCell in stage_2/chain_47_batch_4/run_6/tmp/hdf5/, returning dummy value
Percentage accepted from group 5: 0.325000
RBC discarded by HemoCell in stage_2/chain_55_batch_3/run_6/tmp/hdf5/, returning dummy value
Percentage accepted from group 6: 0.175000
Percentage accepted from group 7: 0.425000
Percentage accepted from group 8: 0.500000
RBC discarded by HemoCell in stage_2/chain_82_batch_2/run_5/tmp/hdf5/, returning dummy value
RBC discarded by HemoCell in stage_2/chain_82_batch_2/run_6/tmp/hdf5/, returning dummy value
RBC discarded by HemoCell in stage_2/chain_81_batch_4/run_6/tmp/hdf5/, returning dummy value
Percentage accepted from group 9: 0.425000
Percentage accepted from group 10: 0.375000
Running stage 3...
Current tolerance value: 0.0356420747764
Simulation in stage_3/chain_9_batch_1/run_0 failed, requeued
Percentage accepted from group 1: 0.425000
slurmstepd: error: *** JOB 2082069 ON r13n20 CANCELLED AT 2019-04-13T17:51:31 DUE TO TIME LIMIT ***
