Starting script
Sat Apr 13 23:12:27 CEST 2019
Running stage 1...
/scratch/scheduler.py:236: FutureWarning: comparison to `None` will result in an elementwise object comparison in the future.
  if None in outputs:
RBC discarded by HemoCell in stage_1/chain_155_batch_2/run_5/tmp/hdf5/, returning dummy value
RBC discarded by HemoCell in stage_1/chain_155_batch_2/run_0/tmp/hdf5/, returning dummy value
RBC discarded by HemoCell in stage_1/chain_155_batch_2/run_4/tmp/hdf5/, returning dummy value
RBC discarded by HemoCell in stage_1/chain_155_batch_2/run_1/tmp/hdf5/, returning dummy value
RBC discarded by HemoCell in stage_1/chain_155_batch_2/run_2/tmp/hdf5/, returning dummy value
RBC discarded by HemoCell in stage_1/chain_155_batch_2/run_3/tmp/hdf5/, returning dummy value
RBC discarded by HemoCell in stage_1/chain_155_batch_2/run_6/tmp/hdf5/, returning dummy value
Current max likelihood: 44674.0935399
Calculating p for stage 2...
p: 0.835888198156
COV: 0.999999998606
Running stage 2...
RBC discarded by HemoCell in stage_2/chain_44_batch_0/run_1/tmp/hdf5/, returning dummy value
RBC discarded by HemoCell in stage_2/chain_44_batch_0/run_3/tmp/hdf5/, returning dummy value
RBC discarded by HemoCell in stage_2/chain_44_batch_0/run_0/tmp/hdf5/, returning dummy value
RBC discarded by HemoCell in stage_2/chain_44_batch_0/run_6/tmp/hdf5/, returning dummy value
RBC discarded by HemoCell in stage_2/chain_44_batch_0/run_2/tmp/hdf5/, returning dummy value
RBC discarded by HemoCell in stage_2/chain_44_batch_0/run_5/tmp/hdf5/, returning dummy value
RBC discarded by HemoCell in stage_2/chain_44_batch_0/run_4/tmp/hdf5/, returning dummy value
RBC discarded by HemoCell in stage_2/chain_46_batch_0/run_0/tmp/hdf5/, returning dummy value
RBC discarded by HemoCell in stage_2/chain_46_batch_0/run_1/tmp/hdf5/, returning dummy value
RBC discarded by HemoCell in stage_2/chain_46_batch_0/run_3/tmp/hdf5/, returning dummy value
RBC discarded by HemoCell in stage_2/chain_46_batch_0/run_2/tmp/hdf5/, returning dummy value
RBC discarded by HemoCell in stage_2/chain_46_batch_0/run_5/tmp/hdf5/, returning dummy value
RBC discarded by HemoCell in stage_2/chain_46_batch_0/run_4/tmp/hdf5/, returning dummy value
RBC discarded by HemoCell in stage_2/chain_46_batch_0/run_6/tmp/hdf5/, returning dummy value
RBC discarded by HemoCell in stage_2/chain_121_batch_0/run_0/tmp/hdf5/, returning dummy value
RBC discarded by HemoCell in stage_2/chain_121_batch_0/run_1/tmp/hdf5/, returning dummy value
RBC discarded by HemoCell in stage_2/chain_121_batch_0/run_2/tmp/hdf5/, returning dummy value
RBC discarded by HemoCell in stage_2/chain_121_batch_0/run_6/tmp/hdf5/, returning dummy value
RBC discarded by HemoCell in stage_2/chain_122_batch_0/run_2/tmp/hdf5/, returning dummy value
RBC discarded by HemoCell in stage_2/chain_121_batch_0/run_3/tmp/hdf5/, returning dummy value
RBC discarded by HemoCell in stage_2/chain_122_batch_0/run_1/tmp/hdf5/, returning dummy value
RBC discarded by HemoCell in stage_2/chain_121_batch_0/run_4/tmp/hdf5/, returning dummy value
RBC discarded by HemoCell in stage_2/chain_121_batch_0/run_5/tmp/hdf5/, returning dummy value
RBC discarded by HemoCell in stage_2/chain_122_batch_0/run_0/tmp/hdf5/, returning dummy value
RBC discarded by HemoCell in stage_2/chain_122_batch_0/run_3/tmp/hdf5/, returning dummy value
RBC discarded by HemoCell in stage_2/chain_122_batch_0/run_4/tmp/hdf5/, returning dummy value
RBC discarded by HemoCell in stage_2/chain_122_batch_0/run_5/tmp/hdf5/, returning dummy value
RBC discarded by HemoCell in stage_2/chain_122_batch_0/run_6/tmp/hdf5/, returning dummy value
RBC discarded by HemoCell in stage_2/chain_214_batch_0/run_6/tmp/hdf5/, returning dummy value
RBC discarded by HemoCell in stage_2/chain_153_batch_1/run_0/tmp/hdf5/, returning dummy value
RBC discarded by HemoCell in stage_2/chain_153_batch_1/run_1/tmp/hdf5/, returning dummy value
RBC discarded by HemoCell in stage_2/chain_153_batch_1/run_3/tmp/hdf5/, returning dummy value
RBC discarded by HemoCell in stage_2/chain_153_batch_1/run_2/tmp/hdf5/, returning dummy value
RBC discarded by HemoCell in stage_2/chain_153_batch_1/run_5/tmp/hdf5/, returning dummy value
RBC discarded by HemoCell in stage_2/chain_153_batch_1/run_6/tmp/hdf5/, returning dummy value
RBC discarded by HemoCell in stage_2/chain_153_batch_1/run_4/tmp/hdf5/, returning dummy value
RBC discarded by HemoCell in stage_2/chain_121_batch_2/run_0/tmp/hdf5/, returning dummy value
RBC discarded by HemoCell in stage_2/chain_121_batch_2/run_2/tmp/hdf5/, returning dummy value
RBC discarded by HemoCell in stage_2/chain_121_batch_2/run_3/tmp/hdf5/, returning dummy value
RBC discarded by HemoCell in stage_2/chain_121_batch_2/run_4/tmp/hdf5/, returning dummy value
RBC discarded by HemoCell in stage_2/chain_121_batch_2/run_5/tmp/hdf5/, returning dummy value
RBC discarded by HemoCell in stage_2/chain_121_batch_2/run_6/tmp/hdf5/, returning dummy value
RBC discarded by HemoCell in stage_2/chain_121_batch_2/run_1/tmp/hdf5/, returning dummy value
Current max likelihood: 64065.6489826
Calculating p for stage 3...
p: 1.0
COV: 0.240772495624
Running stage 3...
RBC discarded by HemoCell in stage_3/chain_28_batch_0/run_1/tmp/hdf5/, returning dummy value
RBC discarded by HemoCell in stage_3/chain_28_batch_0/run_2/tmp/hdf5/, returning dummy value
RBC discarded by HemoCell in stage_3/chain_28_batch_0/run_0/tmp/hdf5/, returning dummy value
RBC discarded by HemoCell in stage_3/chain_28_batch_0/run_3/tmp/hdf5/, returning dummy value
RBC discarded by HemoCell in stage_3/chain_28_batch_0/run_6/tmp/hdf5/, returning dummy value
RBC discarded by HemoCell in stage_3/chain_28_batch_0/run_4/tmp/hdf5/, returning dummy value
RBC discarded by HemoCell in stage_3/chain_28_batch_0/run_5/tmp/hdf5/, returning dummy value
RBC discarded by HemoCell in stage_3/chain_135_batch_0/run_0/tmp/hdf5/, returning dummy value
RBC discarded by HemoCell in stage_3/chain_135_batch_0/run_1/tmp/hdf5/, returning dummy value
RBC discarded by HemoCell in stage_3/chain_135_batch_0/run_2/tmp/hdf5/, returning dummy value
RBC discarded by HemoCell in stage_3/chain_135_batch_0/run_3/tmp/hdf5/, returning dummy value
RBC discarded by HemoCell in stage_3/chain_135_batch_0/run_4/tmp/hdf5/, returning dummy value
RBC discarded by HemoCell in stage_3/chain_135_batch_0/run_5/tmp/hdf5/, returning dummy value
RBC discarded by HemoCell in stage_3/chain_135_batch_0/run_6/tmp/hdf5/, returning dummy value
RBC discarded by HemoCell in stage_3/chain_159_batch_0/run_1/tmp/hdf5/, returning dummy value
RBC discarded by HemoCell in stage_3/chain_159_batch_0/run_0/tmp/hdf5/, returning dummy value
RBC discarded by HemoCell in stage_3/chain_159_batch_0/run_2/tmp/hdf5/, returning dummy value
RBC discarded by HemoCell in stage_3/chain_159_batch_0/run_3/tmp/hdf5/, returning dummy value
RBC discarded by HemoCell in stage_3/chain_159_batch_0/run_5/tmp/hdf5/, returning dummy value
RBC discarded by HemoCell in stage_3/chain_159_batch_0/run_4/tmp/hdf5/, returning dummy value
RBC discarded by HemoCell in stage_3/chain_159_batch_0/run_6/tmp/hdf5/, returning dummy value
RBC discarded by HemoCell in stage_3/chain_215_batch_0/run_1/tmp/hdf5/, returning dummy value
RBC discarded by HemoCell in stage_3/chain_215_batch_0/run_2/tmp/hdf5/, returning dummy value
RBC discarded by HemoCell in stage_3/chain_215_batch_0/run_3/tmp/hdf5/, returning dummy value
RBC discarded by HemoCell in stage_3/chain_215_batch_0/run_0/tmp/hdf5/, returning dummy value
RBC discarded by HemoCell in stage_3/chain_215_batch_0/run_6/tmp/hdf5/, returning dummy value
RBC discarded by HemoCell in stage_3/chain_215_batch_0/run_4/tmp/hdf5/, returning dummy value
RBC discarded by HemoCell in stage_3/chain_215_batch_0/run_5/tmp/hdf5/, returning dummy value
