Initializing...
RBC discarded by HemoCell in /scratch/TMCMC_output/stage_0/batch_3/run_0/tmp/hdf5/, returning dummy value
RBC discarded by HemoCell in /scratch/TMCMC_output/stage_0/batch_3/run_1/tmp/hdf5/, returning dummy value
RBC discarded by HemoCell in /scratch/TMCMC_output/stage_0/batch_3/run_2/tmp/hdf5/, returning dummy value
RBC discarded by HemoCell in /scratch/TMCMC_output/stage_0/batch_3/run_3/tmp/hdf5/, returning dummy value
RBC discarded by HemoCell in /scratch/TMCMC_output/stage_0/batch_2/run_0/tmp/hdf5/, returning dummy value
RBC discarded by HemoCell in /scratch/TMCMC_output/stage_0/batch_2/run_1/tmp/hdf5/, returning dummy value
RBC discarded by HemoCell in /scratch/TMCMC_output/stage_0/batch_2/run_2/tmp/hdf5/, returning dummy value
RBC discarded by HemoCell in /scratch/TMCMC_output/stage_0/batch_2/run_3/tmp/hdf5/, returning dummy value
RBC discarded by HemoCell in /scratch/TMCMC_output/stage_0/batch_1/run_2/tmp/hdf5/, returning dummy value
RBC discarded by HemoCell in /scratch/TMCMC_output/stage_0/batch_1/run_3/tmp/hdf5/, returning dummy value
/scratch/hemocell/EL.py:47: RuntimeWarning: invalid value encountered in sqrt
  res1=np.sqrt(up/down1)
RBC broke HemoCell in /scratch/TMCMC_output/stage_0/batch_0/run_1/tmp/hdf5/, returning dummy value
RBC discarded by HemoCell in /scratch/TMCMC_output/stage_0/batch_0/run_2/tmp/hdf5/, returning dummy value
RBC discarded by HemoCell in /scratch/TMCMC_output/stage_0/batch_0/run_3/tmp/hdf5/, returning dummy value
RBC discarded by HemoCell in /scratch/TMCMC_output/stage_0/batch_6/run_0/tmp/hdf5/, returning dummy value
RBC discarded by HemoCell in /scratch/TMCMC_output/stage_0/batch_6/run_1/tmp/hdf5/, returning dummy value
RBC discarded by HemoCell in /scratch/TMCMC_output/stage_0/batch_6/run_2/tmp/hdf5/, returning dummy value
RBC discarded by HemoCell in /scratch/TMCMC_output/stage_0/batch_6/run_3/tmp/hdf5/, returning dummy value
RBC discarded by HemoCell in /scratch/TMCMC_output/stage_0/batch_4/run_2/tmp/hdf5/, returning dummy value
RBC discarded by HemoCell in /scratch/TMCMC_output/stage_0/batch_4/run_3/tmp/hdf5/, returning dummy value
Simulation in /scratch/TMCMC_output/stage_0/batch_5/run_2 failed, requeued
RBC discarded by HemoCell in /scratch/TMCMC_output/stage_0/batch_5/run_3/tmp/hdf5/, returning dummy value
RBC discarded by HemoCell in /scratch/TMCMC_output/stage_0/batch_7/run_3/tmp/hdf5/, returning dummy value
RBC discarded by HemoCell in /scratch/TMCMC_output/stage_0/batch_10/run_0/tmp/hdf5/, returning dummy value
RBC discarded by HemoCell in /scratch/TMCMC_output/stage_0/batch_10/run_1/tmp/hdf5/, returning dummy value
RBC discarded by HemoCell in /scratch/TMCMC_output/stage_0/batch_10/run_2/tmp/hdf5/, returning dummy value
RBC discarded by HemoCell in /scratch/TMCMC_output/stage_0/batch_10/run_3/tmp/hdf5/, returning dummy value
RBC discarded by HemoCell in /scratch/TMCMC_output/stage_0/batch_8/run_2/tmp/hdf5/, returning dummy value
RBC discarded by HemoCell in /scratch/TMCMC_output/stage_0/batch_5/run_3/tmp/hdf5/, returning dummy value
RBC discarded by HemoCell in /scratch/TMCMC_output/stage_0/batch_11/run_0/tmp/hdf5/, returning dummy value
RBC discarded by HemoCell in /scratch/TMCMC_output/stage_0/batch_11/run_1/tmp/hdf5/, returning dummy value
RBC discarded by HemoCell in /scratch/TMCMC_output/stage_0/batch_11/run_2/tmp/hdf5/, returning dummy value
RBC discarded by HemoCell in /scratch/TMCMC_output/stage_0/batch_11/run_3/tmp/hdf5/, returning dummy value
RBC discarded by HemoCell in /scratch/TMCMC_output/stage_0/batch_12/run_0/tmp/hdf5/, returning dummy value
RBC discarded by HemoCell in /scratch/TMCMC_output/stage_0/batch_12/run_1/tmp/hdf5/, returning dummy value
RBC discarded by HemoCell in /scratch/TMCMC_output/stage_0/batch_12/run_2/tmp/hdf5/, returning dummy value
RBC discarded by HemoCell in /scratch/TMCMC_output/stage_0/batch_12/run_3/tmp/hdf5/, returning dummy value
RBC discarded by HemoCell in /scratch/TMCMC_output/stage_0/batch_13/run_1/tmp/hdf5/, returning dummy value
RBC discarded by HemoCell in /scratch/TMCMC_output/stage_0/batch_13/run_2/tmp/hdf5/, returning dummy value
RBC discarded by HemoCell in /scratch/TMCMC_output/stage_0/batch_13/run_3/tmp/hdf5/, returning dummy value
RBC discarded by HemoCell in /scratch/TMCMC_output/stage_0/batch_14/run_3/tmp/hdf5/, returning dummy value
RBC discarded by HemoCell in /scratch/TMCMC_output/stage_0/batch_15/run_0/tmp/hdf5/, returning dummy value
RBC discarded by HemoCell in /scratch/TMCMC_output/stage_0/batch_15/run_1/tmp/hdf5/, returning dummy value
RBC discarded by HemoCell in /scratch/TMCMC_output/stage_0/batch_15/run_2/tmp/hdf5/, returning dummy value
RBC discarded by HemoCell in /scratch/TMCMC_output/stage_0/batch_15/run_3/tmp/hdf5/, returning dummy value
RBC discarded by HemoCell in /scratch/TMCMC_output/stage_0/batch_16/run_2/tmp/hdf5/, returning dummy value
RBC discarded by HemoCell in /scratch/TMCMC_output/stage_0/batch_16/run_3/tmp/hdf5/, returning dummy value
RBC discarded by HemoCell in /scratch/TMCMC_output/stage_0/batch_17/run_1/tmp/hdf5/, returning dummy value
RBC discarded by HemoCell in /scratch/TMCMC_output/stage_0/batch_17/run_3/tmp/hdf5/, returning dummy value
RBC broke HemoCell in /scratch/TMCMC_output/stage_0/batch_19/run_1/tmp/hdf5/, returning dummy value
RBC discarded by HemoCell in /scratch/TMCMC_output/stage_0/batch_19/run_2/tmp/hdf5/, returning dummy value
RBC discarded by HemoCell in /scratch/TMCMC_output/stage_0/batch_20/run_0/tmp/hdf5/, returning dummy value
RBC discarded by HemoCell in /scratch/TMCMC_output/stage_0/batch_20/run_1/tmp/hdf5/, returning dummy value
RBC discarded by HemoCell in /scratch/TMCMC_output/stage_0/batch_20/run_2/tmp/hdf5/, returning dummy value
RBC discarded by HemoCell in /scratch/TMCMC_output/stage_0/batch_20/run_3/tmp/hdf5/, returning dummy value
RBC discarded by HemoCell in /scratch/TMCMC_output/stage_0/batch_21/run_0/tmp/hdf5/, returning dummy value
RBC discarded by HemoCell in /scratch/TMCMC_output/stage_0/batch_21/run_2/tmp/hdf5/, returning dummy value
RBC discarded by HemoCell in /scratch/TMCMC_output/stage_0/batch_21/run_3/tmp/hdf5/, returning dummy value
RBC discarded by HemoCell in /scratch/TMCMC_output/stage_0/batch_22/run_3/tmp/hdf5/, returning dummy value
RBC discarded by HemoCell in /scratch/TMCMC_output/stage_0/batch_23/run_2/tmp/hdf5/, returning dummy value
RBC discarded by HemoCell in /scratch/TMCMC_output/stage_0/batch_23/run_3/tmp/hdf5/, returning dummy value
RBC discarded by HemoCell in /scratch/TMCMC_output/stage_0/batch_24/run_3/tmp/hdf5/, returning dummy value
RBC discarded by HemoCell in /scratch/TMCMC_output/stage_0/batch_25/run_2/tmp/hdf5/, returning dummy value
RBC discarded by HemoCell in /scratch/TMCMC_output/stage_0/batch_25/run_3/tmp/hdf5/, returning dummy value
RBC discarded by HemoCell in /scratch/TMCMC_output/stage_0/batch_26/run_2/tmp/hdf5/, returning dummy value
RBC discarded by HemoCell in /scratch/TMCMC_output/stage_0/batch_26/run_3/tmp/hdf5/, returning dummy value
RBC discarded by HemoCell in /scratch/TMCMC_output/stage_0/batch_28/run_2/tmp/hdf5/, returning dummy value
RBC discarded by HemoCell in /scratch/TMCMC_output/stage_0/batch_28/run_3/tmp/hdf5/, returning dummy value
RBC discarded by HemoCell in /scratch/TMCMC_output/stage_0/batch_29/run_3/tmp/hdf5/, returning dummy value
RBC discarded by HemoCell in /scratch/TMCMC_output/stage_0/batch_30/run_3/tmp/hdf5/, returning dummy value
RBC discarded by HemoCell in /scratch/TMCMC_output/stage_0/batch_32/run_1/tmp/hdf5/, returning dummy value
RBC discarded by HemoCell in /scratch/TMCMC_output/stage_0/batch_32/run_2/tmp/hdf5/, returning dummy value
RBC discarded by HemoCell in /scratch/TMCMC_output/stage_0/batch_32/run_3/tmp/hdf5/, returning dummy value
RBC discarded by HemoCell in /scratch/TMCMC_output/stage_0/batch_31/run_2/tmp/hdf5/, returning dummy value
RBC discarded by HemoCell in /scratch/TMCMC_output/stage_0/batch_31/run_3/tmp/hdf5/, returning dummy value
RBC discarded by HemoCell in /scratch/TMCMC_output/stage_0/batch_33/run_0/tmp/hdf5/, returning dummy value
RBC discarded by HemoCell in /scratch/TMCMC_output/stage_0/batch_33/run_1/tmp/hdf5/, returning dummy value
RBC discarded by HemoCell in /scratch/TMCMC_output/stage_0/batch_33/run_2/tmp/hdf5/, returning dummy value
RBC discarded by HemoCell in /scratch/TMCMC_output/stage_0/batch_33/run_3/tmp/hdf5/, returning dummy value
RBC discarded by HemoCell in /scratch/TMCMC_output/stage_0/batch_34/run_3/tmp/hdf5/, returning dummy value
RBC discarded by HemoCell in /scratch/TMCMC_output/stage_0/batch_35/run_1/tmp/hdf5/, returning dummy value
RBC discarded by HemoCell in /scratch/TMCMC_output/stage_0/batch_35/run_2/tmp/hdf5/, returning dummy value
RBC discarded by HemoCell in /scratch/TMCMC_output/stage_0/batch_36/run_1/tmp/hdf5/, returning dummy value
RBC discarded by HemoCell in /scratch/TMCMC_output/stage_0/batch_36/run_2/tmp/hdf5/, returning dummy value
RBC discarded by HemoCell in /scratch/TMCMC_output/stage_0/batch_36/run_3/tmp/hdf5/, returning dummy value
RBC discarded by HemoCell in /scratch/TMCMC_output/stage_0/batch_37/run_1/tmp/hdf5/, returning dummy value
RBC discarded by HemoCell in /scratch/TMCMC_output/stage_0/batch_37/run_2/tmp/hdf5/, returning dummy value
RBC discarded by HemoCell in /scratch/TMCMC_output/stage_0/batch_37/run_3/tmp/hdf5/, returning dummy value
RBC discarded by HemoCell in /scratch/TMCMC_output/stage_0/batch_39/run_1/tmp/hdf5/, returning dummy value
RBC discarded by HemoCell in /scratch/TMCMC_output/stage_0/batch_39/run_2/tmp/hdf5/, returning dummy value
RBC discarded by HemoCell in /scratch/TMCMC_output/stage_0/batch_39/run_3/tmp/hdf5/, returning dummy value
RBC discarded by HemoCell in /scratch/TMCMC_output/stage_0/batch_38/run_3/tmp/hdf5/, returning dummy value
RBC discarded by HemoCell in /scratch/TMCMC_output/stage_0/batch_40/run_1/tmp/hdf5/, returning dummy value
RBC discarded by HemoCell in /scratch/TMCMC_output/stage_0/batch_40/run_2/tmp/hdf5/, returning dummy value
RBC discarded by HemoCell in /scratch/TMCMC_output/stage_0/batch_40/run_3/tmp/hdf5/, returning dummy value
RBC discarded by HemoCell in /scratch/TMCMC_output/stage_0/batch_41/run_0/tmp/hdf5/, returning dummy value
RBC discarded by HemoCell in /scratch/TMCMC_output/stage_0/batch_41/run_1/tmp/hdf5/, returning dummy value
RBC discarded by HemoCell in /scratch/TMCMC_output/stage_0/batch_41/run_2/tmp/hdf5/, returning dummy value
RBC discarded by HemoCell in /scratch/TMCMC_output/stage_0/batch_41/run_3/tmp/hdf5/, returning dummy value
RBC discarded by HemoCell in /scratch/TMCMC_output/stage_0/batch_42/run_3/tmp/hdf5/, returning dummy value
RBC discarded by HemoCell in /scratch/TMCMC_output/stage_0/batch_43/run_3/tmp/hdf5/, returning dummy value
RBC discarded by HemoCell in /scratch/TMCMC_output/stage_0/batch_44/run_0/tmp/hdf5/, returning dummy value
RBC discarded by HemoCell in /scratch/TMCMC_output/stage_0/batch_44/run_1/tmp/hdf5/, returning dummy value
RBC discarded by HemoCell in /scratch/TMCMC_output/stage_0/batch_44/run_2/tmp/hdf5/, returning dummy value
RBC discarded by HemoCell in /scratch/TMCMC_output/stage_0/batch_44/run_3/tmp/hdf5/, returning dummy value
RBC discarded by HemoCell in /scratch/TMCMC_output/stage_0/batch_45/run_1/tmp/hdf5/, returning dummy value
RBC discarded by HemoCell in /scratch/TMCMC_output/stage_0/batch_45/run_2/tmp/hdf5/, returning dummy value
RBC discarded by HemoCell in /scratch/TMCMC_output/stage_0/batch_45/run_3/tmp/hdf5/, returning dummy value
RBC discarded by HemoCell in /scratch/TMCMC_output/stage_0/batch_47/run_0/tmp/hdf5/, returning dummy value
RBC discarded by HemoCell in /scratch/TMCMC_output/stage_0/batch_47/run_1/tmp/hdf5/, returning dummy value
RBC discarded by HemoCell in /scratch/TMCMC_output/stage_0/batch_47/run_2/tmp/hdf5/, returning dummy value
RBC discarded by HemoCell in /scratch/TMCMC_output/stage_0/batch_47/run_3/tmp/hdf5/, returning dummy value
RBC discarded by HemoCell in /scratch/TMCMC_output/stage_0/batch_48/run_0/tmp/hdf5/, returning dummy value
RBC discarded by HemoCell in /scratch/TMCMC_output/stage_0/batch_48/run_1/tmp/hdf5/, returning dummy value
RBC discarded by HemoCell in /scratch/TMCMC_output/stage_0/batch_48/run_3/tmp/hdf5/, returning dummy value
RBC discarded by HemoCell in /scratch/TMCMC_output/stage_0/batch_49/run_3/tmp/hdf5/, returning dummy value
RBC discarded by HemoCell in /scratch/TMCMC_output/stage_0/batch_50/run_3/tmp/hdf5/, returning dummy value
RBC discarded by HemoCell in /scratch/TMCMC_output/stage_0/batch_51/run_2/tmp/hdf5/, returning dummy value
RBC discarded by HemoCell in /scratch/TMCMC_output/stage_0/batch_51/run_3/tmp/hdf5/, returning dummy value
RBC discarded by HemoCell in /scratch/TMCMC_output/stage_0/batch_52/run_0/tmp/hdf5/, returning dummy value
RBC discarded by HemoCell in /scratch/TMCMC_output/stage_0/batch_52/run_1/tmp/hdf5/, returning dummy value
RBC discarded by HemoCell in /scratch/TMCMC_output/stage_0/batch_52/run_2/tmp/hdf5/, returning dummy value
RBC discarded by HemoCell in /scratch/TMCMC_output/stage_0/batch_52/run_3/tmp/hdf5/, returning dummy value
RBC discarded by HemoCell in /scratch/TMCMC_output/stage_0/batch_53/run_3/tmp/hdf5/, returning dummy value
RBC discarded by HemoCell in /scratch/TMCMC_output/stage_0/batch_54/run_0/tmp/hdf5/, returning dummy value
RBC discarded by HemoCell in /scratch/TMCMC_output/stage_0/batch_54/run_1/tmp/hdf5/, returning dummy value
RBC discarded by HemoCell in /scratch/TMCMC_output/stage_0/batch_54/run_2/tmp/hdf5/, returning dummy value
RBC discarded by HemoCell in /scratch/TMCMC_output/stage_0/batch_54/run_3/tmp/hdf5/, returning dummy value
RBC discarded by HemoCell in /scratch/TMCMC_output/stage_0/batch_55/run_3/tmp/hdf5/, returning dummy value
RBC discarded by HemoCell in /scratch/TMCMC_output/stage_0/batch_56/run_3/tmp/hdf5/, returning dummy value
/scratch/hemocell/EL.py:48: RuntimeWarning: invalid value encountered in sqrt
  res2=np.sqrt(up/down2)
RBC broke HemoCell in /scratch/TMCMC_output/stage_0/batch_57/run_2/tmp/hdf5/, returning dummy value
RBC discarded by HemoCell in /scratch/TMCMC_output/stage_0/batch_57/run_3/tmp/hdf5/, returning dummy value
RBC discarded by HemoCell in /scratch/TMCMC_output/stage_0/batch_58/run_3/tmp/hdf5/, returning dummy value
RBC discarded by HemoCell in /scratch/TMCMC_output/stage_0/batch_59/run_3/tmp/hdf5/, returning dummy value
RBC discarded by HemoCell in /scratch/TMCMC_output/stage_0/batch_60/run_2/tmp/hdf5/, returning dummy value
RBC discarded by HemoCell in /scratch/TMCMC_output/stage_0/batch_60/run_3/tmp/hdf5/, returning dummy value
RBC discarded by HemoCell in /scratch/TMCMC_output/stage_0/batch_61/run_2/tmp/hdf5/, returning dummy value
RBC discarded by HemoCell in /scratch/TMCMC_output/stage_0/batch_61/run_3/tmp/hdf5/, returning dummy value
RBC discarded by HemoCell in /scratch/TMCMC_output/stage_0/batch_62/run_3/tmp/hdf5/, returning dummy value
RBC discarded by HemoCell in /scratch/TMCMC_output/stage_0/batch_63/run_2/tmp/hdf5/, returning dummy value
RBC discarded by HemoCell in /scratch/TMCMC_output/stage_0/batch_63/run_3/tmp/hdf5/, returning dummy value
RBC discarded by HemoCell in /scratch/TMCMC_output/stage_0/batch_64/run_3/tmp/hdf5/, returning dummy value
RBC discarded by HemoCell in /scratch/TMCMC_output/stage_0/batch_65/run_3/tmp/hdf5/, returning dummy value
RBC broke HemoCell in /scratch/TMCMC_output/stage_0/batch_66/run_3/tmp/hdf5/, returning dummy value
RBC broke HemoCell in /scratch/TMCMC_output/stage_0/batch_67/run_1/tmp/hdf5/, returning dummy value
RBC discarded by HemoCell in /scratch/TMCMC_output/stage_0/batch_67/run_2/tmp/hdf5/, returning dummy value
RBC discarded by HemoCell in /scratch/TMCMC_output/stage_0/batch_67/run_3/tmp/hdf5/, returning dummy value
RBC discarded by HemoCell in /scratch/TMCMC_output/stage_0/batch_68/run_1/tmp/hdf5/, returning dummy value
RBC discarded by HemoCell in /scratch/TMCMC_output/stage_0/batch_68/run_2/tmp/hdf5/, returning dummy value
RBC discarded by HemoCell in /scratch/TMCMC_output/stage_0/batch_68/run_3/tmp/hdf5/, returning dummy value
RBC discarded by HemoCell in /scratch/TMCMC_output/stage_0/batch_69/run_0/tmp/hdf5/, returning dummy value
RBC discarded by HemoCell in /scratch/TMCMC_output/stage_0/batch_69/run_1/tmp/hdf5/, returning dummy value
RBC discarded by HemoCell in /scratch/TMCMC_output/stage_0/batch_69/run_2/tmp/hdf5/, returning dummy value
RBC discarded by HemoCell in /scratch/TMCMC_output/stage_0/batch_69/run_3/tmp/hdf5/, returning dummy value
RBC discarded by HemoCell in /scratch/TMCMC_output/stage_0/batch_71/run_1/tmp/hdf5/, returning dummy value
RBC discarded by HemoCell in /scratch/TMCMC_output/stage_0/batch_71/run_2/tmp/hdf5/, returning dummy value
RBC discarded by HemoCell in /scratch/TMCMC_output/stage_0/batch_71/run_3/tmp/hdf5/, returning dummy value
RBC discarded by HemoCell in /scratch/TMCMC_output/stage_0/batch_72/run_3/tmp/hdf5/, returning dummy value
RBC discarded by HemoCell in /scratch/TMCMC_output/stage_0/batch_73/run_2/tmp/hdf5/, returning dummy value
RBC discarded by HemoCell in /scratch/TMCMC_output/stage_0/batch_73/run_3/tmp/hdf5/, returning dummy value
RBC discarded by HemoCell in /scratch/TMCMC_output/stage_0/batch_74/run_0/tmp/hdf5/, returning dummy value
RBC discarded by HemoCell in /scratch/TMCMC_output/stage_0/batch_74/run_1/tmp/hdf5/, returning dummy value
RBC discarded by HemoCell in /scratch/TMCMC_output/stage_0/batch_74/run_2/tmp/hdf5/, returning dummy value
RBC discarded by HemoCell in /scratch/TMCMC_output/stage_0/batch_74/run_3/tmp/hdf5/, returning dummy value
RBC discarded by HemoCell in /scratch/TMCMC_output/stage_0/batch_75/run_3/tmp/hdf5/, returning dummy value
RBC broke HemoCell in /scratch/TMCMC_output/stage_0/batch_76/run_1/tmp/hdf5/, returning dummy value
RBC discarded by HemoCell in /scratch/TMCMC_output/stage_0/batch_76/run_2/tmp/hdf5/, returning dummy value
RBC discarded by HemoCell in /scratch/TMCMC_output/stage_0/batch_76/run_3/tmp/hdf5/, returning dummy value
RBC discarded by HemoCell in /scratch/TMCMC_output/stage_0/batch_77/run_2/tmp/hdf5/, returning dummy value
RBC discarded by HemoCell in /scratch/TMCMC_output/stage_0/batch_77/run_3/tmp/hdf5/, returning dummy value
RBC discarded by HemoCell in /scratch/TMCMC_output/stage_0/batch_78/run_0/tmp/hdf5/, returning dummy value
RBC discarded by HemoCell in /scratch/TMCMC_output/stage_0/batch_78/run_1/tmp/hdf5/, returning dummy value
RBC discarded by HemoCell in /scratch/TMCMC_output/stage_0/batch_78/run_2/tmp/hdf5/, returning dummy value
RBC discarded by HemoCell in /scratch/TMCMC_output/stage_0/batch_78/run_3/tmp/hdf5/, returning dummy value
RBC discarded by HemoCell in /scratch/TMCMC_output/stage_0/batch_79/run_3/tmp/hdf5/, returning dummy value
RBC discarded by HemoCell in /scratch/TMCMC_output/stage_0/batch_80/run_3/tmp/hdf5/, returning dummy value
RBC discarded by HemoCell in /scratch/TMCMC_output/stage_0/batch_81/run_2/tmp/hdf5/, returning dummy value
RBC discarded by HemoCell in /scratch/TMCMC_output/stage_0/batch_81/run_3/tmp/hdf5/, returning dummy value
RBC discarded by HemoCell in /scratch/TMCMC_output/stage_0/batch_82/run_2/tmp/hdf5/, returning dummy value
RBC discarded by HemoCell in /scratch/TMCMC_output/stage_0/batch_82/run_3/tmp/hdf5/, returning dummy value
RBC discarded by HemoCell in /scratch/TMCMC_output/stage_0/batch_83/run_2/tmp/hdf5/, returning dummy value
RBC discarded by HemoCell in /scratch/TMCMC_output/stage_0/batch_83/run_3/tmp/hdf5/, returning dummy value
RBC discarded by HemoCell in /scratch/TMCMC_output/stage_0/batch_84/run_3/tmp/hdf5/, returning dummy value
RBC discarded by HemoCell in /scratch/TMCMC_output/stage_0/batch_85/run_0/tmp/hdf5/, returning dummy value
RBC discarded by HemoCell in /scratch/TMCMC_output/stage_0/batch_85/run_1/tmp/hdf5/, returning dummy value
RBC discarded by HemoCell in /scratch/TMCMC_output/stage_0/batch_85/run_2/tmp/hdf5/, returning dummy value
RBC discarded by HemoCell in /scratch/TMCMC_output/stage_0/batch_85/run_3/tmp/hdf5/, returning dummy value
RBC discarded by HemoCell in /scratch/TMCMC_output/stage_0/batch_87/run_1/tmp/hdf5/, returning dummy value
RBC discarded by HemoCell in /scratch/TMCMC_output/stage_0/batch_87/run_2/tmp/hdf5/, returning dummy value
RBC discarded by HemoCell in /scratch/TMCMC_output/stage_0/batch_87/run_3/tmp/hdf5/, returning dummy value
RBC discarded by HemoCell in /scratch/TMCMC_output/stage_0/batch_88/run_1/tmp/hdf5/, returning dummy value
RBC discarded by HemoCell in /scratch/TMCMC_output/stage_0/batch_88/run_3/tmp/hdf5/, returning dummy value
RBC discarded by HemoCell in /scratch/TMCMC_output/stage_0/batch_89/run_1/tmp/hdf5/, returning dummy value
RBC discarded by HemoCell in /scratch/TMCMC_output/stage_0/batch_89/run_2/tmp/hdf5/, returning dummy value
RBC discarded by HemoCell in /scratch/TMCMC_output/stage_0/batch_89/run_3/tmp/hdf5/, returning dummy value
RBC discarded by HemoCell in /scratch/TMCMC_output/stage_0/batch_90/run_0/tmp/hdf5/, returning dummy value
RBC discarded by HemoCell in /scratch/TMCMC_output/stage_0/batch_90/run_1/tmp/hdf5/, returning dummy value
RBC discarded by HemoCell in /scratch/TMCMC_output/stage_0/batch_90/run_2/tmp/hdf5/, returning dummy value
RBC discarded by HemoCell in /scratch/TMCMC_output/stage_0/batch_90/run_3/tmp/hdf5/, returning dummy value
RBC discarded by HemoCell in /scratch/TMCMC_output/stage_0/batch_91/run_2/tmp/hdf5/, returning dummy value
RBC discarded by HemoCell in /scratch/TMCMC_output/stage_0/batch_91/run_3/tmp/hdf5/, returning dummy value
RBC discarded by HemoCell in /scratch/TMCMC_output/stage_0/batch_92/run_1/tmp/hdf5/, returning dummy value
RBC discarded by HemoCell in /scratch/TMCMC_output/stage_0/batch_92/run_2/tmp/hdf5/, returning dummy value
RBC discarded by HemoCell in /scratch/TMCMC_output/stage_0/batch_92/run_3/tmp/hdf5/, returning dummy value
RBC discarded by HemoCell in /scratch/TMCMC_output/stage_0/batch_93/run_1/tmp/hdf5/, returning dummy value
RBC discarded by HemoCell in /scratch/TMCMC_output/stage_0/batch_93/run_2/tmp/hdf5/, returning dummy value
RBC discarded by HemoCell in /scratch/TMCMC_output/stage_0/batch_93/run_3/tmp/hdf5/, returning dummy value
RBC discarded by HemoCell in /scratch/TMCMC_output/stage_0/batch_94/run_3/tmp/hdf5/, returning dummy value
RBC discarded by HemoCell in /scratch/TMCMC_output/stage_0/batch_95/run_2/tmp/hdf5/, returning dummy value
RBC discarded by HemoCell in /scratch/TMCMC_output/stage_0/batch_95/run_3/tmp/hdf5/, returning dummy value
RBC discarded by HemoCell in /scratch/TMCMC_output/stage_0/batch_96/run_0/tmp/hdf5/, returning dummy value
RBC discarded by HemoCell in /scratch/TMCMC_output/stage_0/batch_96/run_1/tmp/hdf5/, returning dummy value
RBC discarded by HemoCell in /scratch/TMCMC_output/stage_0/batch_96/run_2/tmp/hdf5/, returning dummy value
RBC discarded by HemoCell in /scratch/TMCMC_output/stage_0/batch_96/run_3/tmp/hdf5/, returning dummy value
RBC broke HemoCell in /scratch/TMCMC_output/stage_0/batch_97/run_1/tmp/hdf5/, returning dummy value
RBC discarded by HemoCell in /scratch/TMCMC_output/stage_0/batch_97/run_3/tmp/hdf5/, returning dummy value
RBC discarded by HemoCell in /scratch/TMCMC_output/stage_0/batch_98/run_3/tmp/hdf5/, returning dummy value
RBC discarded by HemoCell in /scratch/TMCMC_output/stage_0/batch_99/run_3/tmp/hdf5/, returning dummy value
Current max likelihood: 2.21818380301
Calculating p for stage 1...
p: 1e-06
COV: 3.9780543467
Running stage 1...
RBC discarded by HemoCell in /scratch/TMCMC_output/stage_1/chain_2_batch_0/run_3/tmp/hdf5/, returning dummy value
RBC discarded by HemoCell in /scratch/TMCMC_output/stage_1/chain_5_batch_0/run_3/tmp/hdf5/, returning dummy value
Simulation in /scratch/TMCMC_output/stage_1/chain_2_batch_2/run_3 failed, requeued
RBC discarded by HemoCell in /scratch/TMCMC_output/stage_1/chain_3_batch_1/run_3/tmp/hdf5/, returning dummy value
RBC discarded by HemoCell in /scratch/TMCMC_output/stage_1/chain_2_batch_2/run_3/tmp/hdf5/, returning dummy value
RBC discarded by HemoCell in /scratch/TMCMC_output/stage_1/chain_3_batch_2/run_2/tmp/hdf5/, returning dummy value
RBC discarded by HemoCell in /scratch/TMCMC_output/stage_1/chain_3_batch_2/run_3/tmp/hdf5/, returning dummy value
RBC discarded by HemoCell in /scratch/TMCMC_output/stage_1/chain_4_batch_2/run_3/tmp/hdf5/, returning dummy value
RBC discarded by HemoCell in /scratch/TMCMC_output/stage_1/chain_2_batch_3/run_3/tmp/hdf5/, returning dummy value
RBC discarded by HemoCell in /scratch/TMCMC_output/stage_1/chain_5_batch_2/run_3/tmp/hdf5/, returning dummy value
RBC discarded by HemoCell in /scratch/TMCMC_output/stage_1/chain_1_batch_3/run_3/tmp/hdf5/, returning dummy value
RBC discarded by HemoCell in /scratch/TMCMC_output/stage_1/chain_3_batch_3/run_3/tmp/hdf5/, returning dummy value
RBC discarded by HemoCell in /scratch/TMCMC_output/stage_1/chain_0_batch_3/run_3/tmp/hdf5/, returning dummy value
RBC discarded by HemoCell in /scratch/TMCMC_output/stage_1/chain_4_batch_3/run_3/tmp/hdf5/, returning dummy value
RBC discarded by HemoCell in /scratch/TMCMC_output/stage_1/chain_5_batch_3/run_3/tmp/hdf5/, returning dummy value
RBC discarded by HemoCell in /scratch/TMCMC_output/stage_1/chain_3_batch_4/run_3/tmp/hdf5/, returning dummy value
RBC discarded by HemoCell in /scratch/TMCMC_output/stage_1/chain_0_batch_4/run_3/tmp/hdf5/, returning dummy value
RBC discarded by HemoCell in /scratch/TMCMC_output/stage_1/chain_4_batch_4/run_3/tmp/hdf5/, returning dummy value
RBC discarded by HemoCell in /scratch/TMCMC_output/stage_1/chain_1_batch_5/run_3/tmp/hdf5/, returning dummy value
RBC discarded by HemoCell in /scratch/TMCMC_output/stage_1/chain_5_batch_5/run_3/tmp/hdf5/, returning dummy value
RBC discarded by HemoCell in /scratch/TMCMC_output/stage_1/chain_1_batch_6/run_3/tmp/hdf5/, returning dummy value
RBC discarded by HemoCell in /scratch/TMCMC_output/stage_1/chain_3_batch_6/run_3/tmp/hdf5/, returning dummy value
RBC discarded by HemoCell in /scratch/TMCMC_output/stage_1/chain_4_batch_6/run_3/tmp/hdf5/, returning dummy value
RBC discarded by HemoCell in /scratch/TMCMC_output/stage_1/chain_2_batch_7/run_3/tmp/hdf5/, returning dummy value
RBC discarded by HemoCell in /scratch/TMCMC_output/stage_1/chain_5_batch_6/run_3/tmp/hdf5/, returning dummy value
RBC discarded by HemoCell in /scratch/TMCMC_output/stage_1/chain_3_batch_7/run_3/tmp/hdf5/, returning dummy value
RBC discarded by HemoCell in /scratch/TMCMC_output/stage_1/chain_0_batch_7/run_3/tmp/hdf5/, returning dummy value
RBC discarded by HemoCell in /scratch/TMCMC_output/stage_1/chain_4_batch_7/run_3/tmp/hdf5/, returning dummy value
RBC discarded by HemoCell in /scratch/TMCMC_output/stage_1/chain_0_batch_8/run_3/tmp/hdf5/, returning dummy value
RBC discarded by HemoCell in /scratch/TMCMC_output/stage_1/chain_3_batch_8/run_3/tmp/hdf5/, returning dummy value
RBC discarded by HemoCell in /scratch/TMCMC_output/stage_1/chain_4_batch_8/run_3/tmp/hdf5/, returning dummy value
RBC discarded by HemoCell in /scratch/TMCMC_output/stage_1/chain_5_batch_8/run_3/tmp/hdf5/, returning dummy value
RBC discarded by HemoCell in /scratch/TMCMC_output/stage_1/chain_5_batch_9/run_3/tmp/hdf5/, returning dummy value
RBC discarded by HemoCell in /scratch/TMCMC_output/stage_1/chain_0_batch_10/run_2/tmp/hdf5/, returning dummy value
RBC discarded by HemoCell in /scratch/TMCMC_output/stage_1/chain_0_batch_10/run_3/tmp/hdf5/, returning dummy value
RBC discarded by HemoCell in /scratch/TMCMC_output/stage_1/chain_3_batch_10/run_3/tmp/hdf5/, returning dummy value
RBC discarded by HemoCell in /scratch/TMCMC_output/stage_1/chain_1_batch_10/run_3/tmp/hdf5/, returning dummy value
RBC discarded by HemoCell in /scratch/TMCMC_output/stage_1/chain_5_batch_10/run_3/tmp/hdf5/, returning dummy value
RBC discarded by HemoCell in /scratch/TMCMC_output/stage_1/chain_1_batch_11/run_3/tmp/hdf5/, returning dummy value
RBC discarded by HemoCell in /scratch/TMCMC_output/stage_1/chain_0_batch_11/run_3/tmp/hdf5/, returning dummy value
RBC discarded by HemoCell in /scratch/TMCMC_output/stage_1/chain_3_batch_11/run_3/tmp/hdf5/, returning dummy value
RBC discarded by HemoCell in /scratch/TMCMC_output/stage_1/chain_5_batch_11/run_3/tmp/hdf5/, returning dummy value
RBC discarded by HemoCell in /scratch/TMCMC_output/stage_1/chain_3_batch_12/run_3/tmp/hdf5/, returning dummy value
RBC discarded by HemoCell in /scratch/TMCMC_output/stage_1/chain_5_batch_12/run_3/tmp/hdf5/, returning dummy value
RBC discarded by HemoCell in /scratch/TMCMC_output/stage_1/chain_1_batch_13/run_3/tmp/hdf5/, returning dummy value
RBC discarded by HemoCell in /scratch/TMCMC_output/stage_1/chain_0_batch_13/run_3/tmp/hdf5/, returning dummy value
RBC discarded by HemoCell in /scratch/TMCMC_output/stage_1/chain_0_batch_14/run_3/tmp/hdf5/, returning dummy value
RBC discarded by HemoCell in /scratch/TMCMC_output/stage_1/chain_5_batch_13/run_3/tmp/hdf5/, returning dummy value
RBC broke HemoCell in /scratch/TMCMC_output/stage_1/chain_1_batch_14/run_3/tmp/hdf5/, returning dummy value
RBC discarded by HemoCell in /scratch/TMCMC_output/stage_1/chain_3_batch_14/run_2/tmp/hdf5/, returning dummy value
RBC discarded by HemoCell in /scratch/TMCMC_output/stage_1/chain_0_batch_15/run_3/tmp/hdf5/, returning dummy value
RBC discarded by HemoCell in /scratch/TMCMC_output/stage_1/chain_3_batch_15/run_3/tmp/hdf5/, returning dummy value
RBC discarded by HemoCell in /scratch/TMCMC_output/stage_1/chain_5_batch_14/run_3/tmp/hdf5/, returning dummy value
RBC discarded by HemoCell in /scratch/TMCMC_output/stage_1/chain_5_batch_15/run_3/tmp/hdf5/, returning dummy value
RBC discarded by HemoCell in /scratch/TMCMC_output/stage_1/chain_3_batch_16/run_3/tmp/hdf5/, returning dummy value
RBC discarded by HemoCell in /scratch/TMCMC_output/stage_1/chain_5_batch_16/run_3/tmp/hdf5/, returning dummy value
RBC discarded by HemoCell in /scratch/TMCMC_output/stage_1/chain_3_batch_18/run_3/tmp/hdf5/, returning dummy value
RBC discarded by HemoCell in /scratch/TMCMC_output/stage_1/chain_5_batch_17/run_3/tmp/hdf5/, returning dummy value
RBC discarded by HemoCell in /scratch/TMCMC_output/stage_1/chain_0_batch_19/run_3/tmp/hdf5/, returning dummy value
RBC discarded by HemoCell in /scratch/TMCMC_output/stage_1/chain_5_batch_18/run_3/tmp/hdf5/, returning dummy value
RBC discarded by HemoCell in /scratch/TMCMC_output/stage_1/chain_5_batch_19/run_3/tmp/hdf5/, returning dummy value
RBC discarded by HemoCell in /scratch/TMCMC_output/stage_1/chain_5_batch_22/run_3/tmp/hdf5/, returning dummy value
RBC discarded by HemoCell in /scratch/TMCMC_output/stage_1/chain_5_batch_23/run_3/tmp/hdf5/, returning dummy value
RBC discarded by HemoCell in /scratch/TMCMC_output/stage_1/chain_5_batch_24/run_3/tmp/hdf5/, returning dummy value
RBC discarded by HemoCell in /scratch/TMCMC_output/stage_1/chain_5_batch_25/run_3/tmp/hdf5/, returning dummy value
Current max likelihood: 2.7932461568
Calculating p for stage 2...
p: 0.359246653105
COV: 1.00000019602
Running stage 2...
RBC discarded by HemoCell in /scratch/TMCMC_output/stage_2/chain_0_batch_0/run_3/tmp/hdf5/, returning dummy value
RBC discarded by HemoCell in /scratch/TMCMC_output/stage_2/chain_4_batch_0/run_3/tmp/hdf5/, returning dummy value
RBC discarded by HemoCell in /scratch/TMCMC_output/stage_2/chain_5_batch_0/run_3/tmp/hdf5/, returning dummy value
RBC discarded by HemoCell in /scratch/TMCMC_output/stage_2/chain_7_batch_0/run_3/tmp/hdf5/, returning dummy value
RBC discarded by HemoCell in /scratch/TMCMC_output/stage_2/chain_12_batch_0/run_3/tmp/hdf5/, returning dummy value
RBC discarded by HemoCell in /scratch/TMCMC_output/stage_2/chain_15_batch_0/run_3/tmp/hdf5/, returning dummy value
RBC discarded by HemoCell in /scratch/TMCMC_output/stage_2/chain_16_batch_0/run_3/tmp/hdf5/, returning dummy value
RBC discarded by HemoCell in /scratch/TMCMC_output/stage_2/chain_17_batch_0/run_3/tmp/hdf5/, returning dummy value
RBC discarded by HemoCell in /scratch/TMCMC_output/stage_2/chain_19_batch_0/run_3/tmp/hdf5/, returning dummy value
RBC discarded by HemoCell in /scratch/TMCMC_output/stage_2/chain_21_batch_0/run_3/tmp/hdf5/, returning dummy value
RBC discarded by HemoCell in /scratch/TMCMC_output/stage_2/chain_22_batch_0/run_3/tmp/hdf5/, returning dummy value
RBC discarded by HemoCell in /scratch/TMCMC_output/stage_2/chain_23_batch_0/run_3/tmp/hdf5/, returning dummy value
RBC broke HemoCell in /scratch/TMCMC_output/stage_2/chain_24_batch_0/run_2/tmp/hdf5/, returning dummy value
RBC discarded by HemoCell in /scratch/TMCMC_output/stage_2/chain_24_batch_0/run_3/tmp/hdf5/, returning dummy value
RBC discarded by HemoCell in /scratch/TMCMC_output/stage_2/chain_25_batch_0/run_3/tmp/hdf5/, returning dummy value
RBC discarded by HemoCell in /scratch/TMCMC_output/stage_2/chain_27_batch_0/run_3/tmp/hdf5/, returning dummy value
RBC discarded by HemoCell in /scratch/TMCMC_output/stage_2/chain_29_batch_0/run_3/tmp/hdf5/, returning dummy value
RBC discarded by HemoCell in /scratch/TMCMC_output/stage_2/chain_32_batch_0/run_3/tmp/hdf5/, returning dummy value
RBC discarded by HemoCell in /scratch/TMCMC_output/stage_2/chain_34_batch_0/run_3/tmp/hdf5/, returning dummy value
RBC discarded by HemoCell in /scratch/TMCMC_output/stage_2/chain_35_batch_0/run_3/tmp/hdf5/, returning dummy value
RBC discarded by HemoCell in /scratch/TMCMC_output/stage_2/chain_36_batch_0/run_3/tmp/hdf5/, returning dummy value
RBC discarded by HemoCell in /scratch/TMCMC_output/stage_2/chain_39_batch_0/run_3/tmp/hdf5/, returning dummy value
RBC discarded by HemoCell in /scratch/TMCMC_output/stage_2/chain_42_batch_0/run_3/tmp/hdf5/, returning dummy value
RBC discarded by HemoCell in /scratch/TMCMC_output/stage_2/chain_43_batch_0/run_3/tmp/hdf5/, returning dummy value
RBC discarded by HemoCell in /scratch/TMCMC_output/stage_2/chain_45_batch_0/run_3/tmp/hdf5/, returning dummy value
RBC discarded by HemoCell in /scratch/TMCMC_output/stage_2/chain_46_batch_0/run_3/tmp/hdf5/, returning dummy value
RBC discarded by HemoCell in /scratch/TMCMC_output/stage_2/chain_47_batch_0/run_3/tmp/hdf5/, returning dummy value
RBC discarded by HemoCell in /scratch/TMCMC_output/stage_2/chain_0_batch_1/run_3/tmp/hdf5/, returning dummy value
RBC discarded by HemoCell in /scratch/TMCMC_output/stage_2/chain_2_batch_1/run_3/tmp/hdf5/, returning dummy value
RBC discarded by HemoCell in /scratch/TMCMC_output/stage_2/chain_4_batch_1/run_3/tmp/hdf5/, returning dummy value
RBC discarded by HemoCell in /scratch/TMCMC_output/stage_2/chain_8_batch_1/run_3/tmp/hdf5/, returning dummy value
RBC discarded by HemoCell in /scratch/TMCMC_output/stage_2/chain_9_batch_1/run_3/tmp/hdf5/, returning dummy value
RBC discarded by HemoCell in /scratch/TMCMC_output/stage_2/chain_14_batch_1/run_3/tmp/hdf5/, returning dummy value
RBC discarded by HemoCell in /scratch/TMCMC_output/stage_2/chain_21_batch_1/run_3/tmp/hdf5/, returning dummy value
RBC broke HemoCell in /scratch/TMCMC_output/stage_2/chain_22_batch_1/run_3/tmp/hdf5/, returning dummy value
RBC discarded by HemoCell in /scratch/TMCMC_output/stage_2/chain_23_batch_1/run_3/tmp/hdf5/, returning dummy value
RBC discarded by HemoCell in /scratch/TMCMC_output/stage_2/chain_24_batch_1/run_3/tmp/hdf5/, returning dummy value
RBC discarded by HemoCell in /scratch/TMCMC_output/stage_2/chain_25_batch_1/run_3/tmp/hdf5/, returning dummy value
RBC discarded by HemoCell in /scratch/TMCMC_output/stage_2/chain_26_batch_1/run_3/tmp/hdf5/, returning dummy value
RBC discarded by HemoCell in /scratch/TMCMC_output/stage_2/chain_36_batch_1/run_3/tmp/hdf5/, returning dummy value
RBC discarded by HemoCell in /scratch/TMCMC_output/stage_2/chain_44_batch_1/run_3/tmp/hdf5/, returning dummy value
RBC discarded by HemoCell in /scratch/TMCMC_output/stage_2/chain_0_batch_2/run_3/tmp/hdf5/, returning dummy value
RBC discarded by HemoCell in /scratch/TMCMC_output/stage_2/chain_3_batch_2/run_3/tmp/hdf5/, returning dummy value
RBC discarded by HemoCell in /scratch/TMCMC_output/stage_2/chain_8_batch_2/run_3/tmp/hdf5/, returning dummy value
RBC discarded by HemoCell in /scratch/TMCMC_output/stage_2/chain_5_batch_2/run_3/tmp/hdf5/, returning dummy value
RBC discarded by HemoCell in /scratch/TMCMC_output/stage_2/chain_21_batch_2/run_3/tmp/hdf5/, returning dummy value
RBC discarded by HemoCell in /scratch/TMCMC_output/stage_2/chain_22_batch_2/run_3/tmp/hdf5/, returning dummy value
RBC discarded by HemoCell in /scratch/TMCMC_output/stage_2/chain_30_batch_2/run_3/tmp/hdf5/, returning dummy value
RBC discarded by HemoCell in /scratch/TMCMC_output/stage_2/chain_5_batch_3/run_3/tmp/hdf5/, returning dummy value
RBC discarded by HemoCell in /scratch/TMCMC_output/stage_2/chain_16_batch_3/run_3/tmp/hdf5/, returning dummy value
RBC discarded by HemoCell in /scratch/TMCMC_output/stage_2/chain_18_batch_4/run_3/tmp/hdf5/, returning dummy value
RBC discarded by HemoCell in /scratch/TMCMC_output/stage_2/chain_16_batch_5/run_3/tmp/hdf5/, returning dummy value
RBC discarded by HemoCell in /scratch/TMCMC_output/stage_2/chain_16_batch_6/run_3/tmp/hdf5/, returning dummy value
Current max likelihood: 2.7932461568
Calculating p for stage 3...
p: 1.0
COV: 0.425858227942
Running stage 3...
RBC discarded by HemoCell in /scratch/TMCMC_output/stage_3/chain_8_batch_0/run_3/tmp/hdf5/, returning dummy value
RBC broke HemoCell in /scratch/TMCMC_output/stage_3/chain_10_batch_0/run_3/tmp/hdf5/, returning dummy value
RBC discarded by HemoCell in /scratch/TMCMC_output/stage_3/chain_12_batch_0/run_3/tmp/hdf5/, returning dummy value
RBC discarded by HemoCell in /scratch/TMCMC_output/stage_3/chain_15_batch_0/run_3/tmp/hdf5/, returning dummy value
RBC discarded by HemoCell in /scratch/TMCMC_output/stage_3/chain_16_batch_0/run_3/tmp/hdf5/, returning dummy value
RBC broke HemoCell in /scratch/TMCMC_output/stage_3/chain_17_batch_0/run_3/tmp/hdf5/, returning dummy value
RBC discarded by HemoCell in /scratch/TMCMC_output/stage_3/chain_19_batch_0/run_3/tmp/hdf5/, returning dummy value
RBC discarded by HemoCell in /scratch/TMCMC_output/stage_3/chain_23_batch_0/run_3/tmp/hdf5/, returning dummy value
RBC discarded by HemoCell in /scratch/TMCMC_output/stage_3/chain_25_batch_0/run_3/tmp/hdf5/, returning dummy value
RBC discarded by HemoCell in /scratch/TMCMC_output/stage_3/chain_28_batch_0/run_3/tmp/hdf5/, returning dummy value
RBC discarded by HemoCell in /scratch/TMCMC_output/stage_3/chain_30_batch_0/run_3/tmp/hdf5/, returning dummy value
RBC discarded by HemoCell in /scratch/TMCMC_output/stage_3/chain_31_batch_0/run_3/tmp/hdf5/, returning dummy value
RBC discarded by HemoCell in /scratch/TMCMC_output/stage_3/chain_33_batch_0/run_3/tmp/hdf5/, returning dummy value
RBC discarded by HemoCell in /scratch/TMCMC_output/stage_3/chain_34_batch_0/run_3/tmp/hdf5/, returning dummy value
RBC discarded by HemoCell in /scratch/TMCMC_output/stage_3/chain_37_batch_0/run_3/tmp/hdf5/, returning dummy value
RBC discarded by HemoCell in /scratch/TMCMC_output/stage_3/chain_39_batch_0/run_3/tmp/hdf5/, returning dummy value
RBC discarded by HemoCell in /scratch/TMCMC_output/stage_3/chain_42_batch_0/run_3/tmp/hdf5/, returning dummy value
RBC discarded by HemoCell in /scratch/TMCMC_output/stage_3/chain_43_batch_0/run_3/tmp/hdf5/, returning dummy value
RBC discarded by HemoCell in /scratch/TMCMC_output/stage_3/chain_44_batch_0/run_3/tmp/hdf5/, returning dummy value
RBC discarded by HemoCell in /scratch/TMCMC_output/stage_3/chain_46_batch_0/run_3/tmp/hdf5/, returning dummy value
RBC broke HemoCell in /scratch/TMCMC_output/stage_3/chain_50_batch_0/run_3/tmp/hdf5/, returning dummy value
RBC discarded by HemoCell in /scratch/TMCMC_output/stage_3/chain_51_batch_0/run_3/tmp/hdf5/, returning dummy value
RBC discarded by HemoCell in /scratch/TMCMC_output/stage_3/chain_52_batch_0/run_3/tmp/hdf5/, returning dummy value
RBC discarded by HemoCell in /scratch/TMCMC_output/stage_3/chain_53_batch_0/run_3/tmp/hdf5/, returning dummy value
RBC discarded by HemoCell in /scratch/TMCMC_output/stage_3/chain_57_batch_0/run_3/tmp/hdf5/, returning dummy value
RBC discarded by HemoCell in /scratch/TMCMC_output/stage_3/chain_56_batch_0/run_3/tmp/hdf5/, returning dummy value
RBC discarded by HemoCell in /scratch/TMCMC_output/stage_3/chain_55_batch_0/run_3/tmp/hdf5/, returning dummy value
RBC discarded by HemoCell in /scratch/TMCMC_output/stage_3/chain_3_batch_1/run_3/tmp/hdf5/, returning dummy value
RBC discarded by HemoCell in /scratch/TMCMC_output/stage_3/chain_13_batch_1/run_3/tmp/hdf5/, returning dummy value
RBC discarded by HemoCell in /scratch/TMCMC_output/stage_3/chain_16_batch_1/run_3/tmp/hdf5/, returning dummy value
RBC discarded by HemoCell in /scratch/TMCMC_output/stage_3/chain_22_batch_1/run_3/tmp/hdf5/, returning dummy value
RBC discarded by HemoCell in /scratch/TMCMC_output/stage_3/chain_29_batch_1/run_3/tmp/hdf5/, returning dummy value
RBC discarded by HemoCell in /scratch/TMCMC_output/stage_3/chain_33_batch_1/run_3/tmp/hdf5/, returning dummy value
RBC discarded by HemoCell in /scratch/TMCMC_output/stage_3/chain_34_batch_1/run_3/tmp/hdf5/, returning dummy value
RBC discarded by HemoCell in /scratch/TMCMC_output/stage_3/chain_35_batch_1/run_3/tmp/hdf5/, returning dummy value
RBC discarded by HemoCell in /scratch/TMCMC_output/stage_3/chain_37_batch_1/run_3/tmp/hdf5/, returning dummy value
RBC discarded by HemoCell in /scratch/TMCMC_output/stage_3/chain_40_batch_1/run_3/tmp/hdf5/, returning dummy value
RBC discarded by HemoCell in /scratch/TMCMC_output/stage_3/chain_56_batch_1/run_3/tmp/hdf5/, returning dummy value
RBC discarded by HemoCell in /scratch/TMCMC_output/stage_3/chain_54_batch_1/run_3/tmp/hdf5/, returning dummy value
RBC discarded by HemoCell in /scratch/TMCMC_output/stage_3/chain_3_batch_2/run_3/tmp/hdf5/, returning dummy value
RBC discarded by HemoCell in /scratch/TMCMC_output/stage_3/chain_30_batch_2/run_3/tmp/hdf5/, returning dummy value
RBC discarded by HemoCell in /scratch/TMCMC_output/stage_3/chain_40_batch_2/run_2/tmp/hdf5/, returning dummy value
RBC discarded by HemoCell in /scratch/TMCMC_output/stage_3/chain_54_batch_2/run_3/tmp/hdf5/, returning dummy value
RBC discarded by HemoCell in /scratch/TMCMC_output/stage_3/chain_3_batch_4/run_3/tmp/hdf5/, returning dummy value
RBC broke HemoCell in /scratch/TMCMC_output/stage_3/chain_3_batch_5/run_3/tmp/hdf5/, returning dummy value
Current max likelihood: 2.7932461568
