Hello one
Hello two
Running stage 0...
reading in files ...
/scratch/TMCMC_output/stage_0/batch_0/run_0/tmp/hdf5/000000004000
<HDF5 file "RBC_HO.000000004000.p.0.h5" (mode r)>
reading in files ...
/scratch/TMCMC_output/stage_0/batch_0/run_1/tmp/hdf5/000000004000
<HDF5 file "RBC_HO.000000004000.p.0.h5" (mode r)>
reading in files ...
/scratch/TMCMC_output/stage_0/batch_0/run_2/tmp/hdf5/000000004000
<HDF5 file "RBC_HO.000000004000.p.0.h5" (mode r)>
reading in files ...
/scratch/TMCMC_output/stage_0/batch_0/run_3/tmp/hdf5/000000004000
<HDF5 file "RBC_HO.000000004000.p.0.h5" (mode r)>
reading in files ...
/scratch/TMCMC_output/stage_0/batch_0/run_4/tmp/hdf5/000000004000
<HDF5 file "RBC_HO.000000004000.p.0.h5" (mode r)>
reading in files ...
/scratch/TMCMC_output/stage_0/batch_0/run_5/tmp/hdf5/000000004000
<HDF5 file "RBC_HO.000000004000.p.0.h5" (mode r)>
reading in files ...
/scratch/TMCMC_output/stage_0/batch_0/run_6/tmp/hdf5/000000004000
<HDF5 file "RBC_HO.000000004000.p.0.h5" (mode r)>
reading in files ...
/scratch/TMCMC_output/stage_0/batch_0/run_7/tmp/hdf5/000000004000
<HDF5 file "RBC_HO.000000004000.p.0.h5" (mode r)>
reading in files ...
/scratch/TMCMC_output/stage_0/batch_0/run_8/tmp/hdf5/000000004000
<HDF5 file "RBC_HO.000000004000.p.0.h5" (mode r)>
reading in files ...
/scratch/TMCMC_output/stage_0/batch_0/run_9/tmp/hdf5/000000004000
<HDF5 file "RBC_HO.000000004000.p.0.h5" (mode r)>
reading in files ...
/scratch/TMCMC_output/stage_0/batch_0/run_10/tmp/hdf5/000000004000
<HDF5 file "RBC_HO.000000004000.p.0.h5" (mode r)>
reading in files ...
/scratch/TMCMC_output/stage_0/batch_0/run_11/tmp/hdf5/000000004000
<HDF5 file "RBC_HO.000000004000.p.0.h5" (mode r)>
reading in files ...
/scratch/TMCMC_output/stage_0/batch_1/run_0/tmp/hdf5/000000004000
<HDF5 file "RBC_HO.000000004000.p.0.h5" (mode r)>
reading in files ...
/scratch/TMCMC_output/stage_0/batch_1/run_1/tmp/hdf5/000000004000
<HDF5 file "RBC_HO.000000004000.p.0.h5" (mode r)>
reading in files ...
/scratch/TMCMC_output/stage_0/batch_1/run_2/tmp/hdf5/000000004000
<HDF5 file "RBC_HO.000000004000.p.0.h5" (mode r)>
reading in files ...
/scratch/TMCMC_output/stage_0/batch_1/run_3/tmp/hdf5/000000004000
<HDF5 file "RBC_HO.000000004000.p.0.h5" (mode r)>
reading in files ...
/scratch/TMCMC_output/stage_0/batch_1/run_4/tmp/hdf5/000000004000
<HDF5 file "RBC_HO.000000004000.p.0.h5" (mode r)>
reading in files ...
/scratch/TMCMC_output/stage_0/batch_1/run_5/tmp/hdf5/000000004000
<HDF5 file "RBC_HO.000000004000.p.0.h5" (mode r)>
reading in files ...
/scratch/TMCMC_output/stage_0/batch_1/run_6/tmp/hdf5/000000004000
<HDF5 file "RBC_HO.000000004000.p.0.h5" (mode r)>
reading in files ...
/scratch/TMCMC_output/stage_0/batch_1/run_7/tmp/hdf5/000000004000
<HDF5 file "RBC_HO.000000004000.p.0.h5" (mode r)>
reading in files ...
/scratch/TMCMC_output/stage_0/batch_1/run_8/tmp/hdf5/000000004000
<HDF5 file "RBC_HO.000000004000.p.0.h5" (mode r)>
reading in files ...
/scratch/TMCMC_output/stage_0/batch_1/run_9/tmp/hdf5/000000004000
<HDF5 file "RBC_HO.000000004000.p.0.h5" (mode r)>
reading in files ...
/scratch/TMCMC_output/stage_0/batch_1/run_10/tmp/hdf5/000000004000
<HDF5 file "RBC_HO.000000004000.p.0.h5" (mode r)>
reading in files ...
/scratch/TMCMC_output/stage_0/batch_1/run_11/tmp/hdf5/000000004000
<HDF5 file "RBC_HO.000000004000.p.0.h5" (mode r)>
reading in files ...
/scratch/TMCMC_output/stage_0/batch_2/run_0/tmp/hdf5/000000004000
<HDF5 file "RBC_HO.000000004000.p.0.h5" (mode r)>
reading in files ...
/scratch/TMCMC_output/stage_0/batch_2/run_1/tmp/hdf5/000000004000
<HDF5 file "RBC_HO.000000004000.p.0.h5" (mode r)>
reading in files ...
/scratch/TMCMC_output/stage_0/batch_2/run_2/tmp/hdf5/000000004000
<HDF5 file "RBC_HO.000000004000.p.0.h5" (mode r)>
reading in files ...
/scratch/TMCMC_output/stage_0/batch_2/run_3/tmp/hdf5/000000004000
<HDF5 file "RBC_HO.000000004000.p.0.h5" (mode r)>
reading in files ...
/scratch/TMCMC_output/stage_0/batch_2/run_4/tmp/hdf5/000000004000
<HDF5 file "RBC_HO.000000004000.p.0.h5" (mode r)>
reading in files ...
/scratch/TMCMC_output/stage_0/batch_2/run_5/tmp/hdf5/000000004000
<HDF5 file "RBC_HO.000000004000.p.0.h5" (mode r)>
reading in files ...
/scratch/TMCMC_output/stage_0/batch_2/run_6/tmp/hdf5/000000004000
<HDF5 file "RBC_HO.000000004000.p.0.h5" (mode r)>
reading in files ...
/scratch/TMCMC_output/stage_0/batch_2/run_7/tmp/hdf5/000000004000
<HDF5 file "RBC_HO.000000004000.p.0.h5" (mode r)>
reading in files ...
/scratch/TMCMC_output/stage_0/batch_2/run_8/tmp/hdf5/000000004000
<HDF5 file "RBC_HO.000000004000.p.0.h5" (mode r)>
reading in files ...
/scratch/TMCMC_output/stage_0/batch_2/run_9/tmp/hdf5/000000004000
<HDF5 file "RBC_HO.000000004000.p.0.h5" (mode r)>
reading in files ...
/scratch/TMCMC_output/stage_0/batch_2/run_10/tmp/hdf5/000000004000
<HDF5 file "RBC_HO.000000004000.p.0.h5" (mode r)>
reading in files ...
/scratch/TMCMC_output/stage_0/batch_2/run_11/tmp/hdf5/000000004000
<HDF5 file "RBC_HO.000000004000.p.0.h5" (mode r)>
Calculating p for stage 1...
p: 0.101062481487
COV: 1.00000052391
Running stage 1...
reading in files ...
/scratch/TMCMC_output/stage_1/chain_0_batch_0/run_0/tmp/hdf5/000000004000
<HDF5 file "RBC_HO.000000004000.p.0.h5" (mode r)>
reading in files ...
/scratch/TMCMC_output/stage_1/chain_0_batch_0/run_1/tmp/hdf5/000000004000
<HDF5 file "RBC_HO.000000004000.p.0.h5" (mode r)>
reading in files ...
/scratch/TMCMC_output/stage_1/chain_0_batch_0/run_2/tmp/hdf5/000000004000
<HDF5 file "RBC_HO.000000004000.p.0.h5" (mode r)>
reading in files ...
/scratch/TMCMC_output/stage_1/chain_0_batch_0/run_3/tmp/hdf5/000000004000
<HDF5 file "RBC_HO.000000004000.p.0.h5" (mode r)>
reading in files ...
/scratch/TMCMC_output/stage_1/chain_0_batch_0/run_4/tmp/hdf5/000000004000
<HDF5 file "RBC_HO.000000004000.p.0.h5" (mode r)>
reading in files ...
/scratch/TMCMC_output/stage_1/chain_0_batch_0/run_5/tmp/hdf5/000000004000
<HDF5 file "RBC_HO.000000004000.p.0.h5" (mode r)>
reading in files ...
/scratch/TMCMC_output/stage_1/chain_0_batch_0/run_6/tmp/hdf5/000000004000
<HDF5 file "RBC_HO.000000004000.p.0.h5" (mode r)>
reading in files ...
/scratch/TMCMC_output/stage_1/chain_0_batch_0/run_7/tmp/hdf5/000000004000
<HDF5 file "RBC_HO.000000004000.p.0.h5" (mode r)>
reading in files ...
/scratch/TMCMC_output/stage_1/chain_0_batch_0/run_8/tmp/hdf5/000000004000
<HDF5 file "RBC_HO.000000004000.p.0.h5" (mode r)>
reading in files ...
/scratch/TMCMC_output/stage_1/chain_0_batch_0/run_9/tmp/hdf5/000000004000
<HDF5 file "RBC_HO.000000004000.p.0.h5" (mode r)>
reading in files ...
/scratch/TMCMC_output/stage_1/chain_0_batch_0/run_10/tmp/hdf5/000000004000
<HDF5 file "RBC_HO.000000004000.p.0.h5" (mode r)>
reading in files ...
/scratch/TMCMC_output/stage_1/chain_0_batch_0/run_11/tmp/hdf5/000000004000
<HDF5 file "RBC_HO.000000004000.p.0.h5" (mode r)>
reading in files ...
/scratch/TMCMC_output/stage_1/chain_1_batch_0/run_0/tmp/hdf5/000000004000
<HDF5 file "RBC_HO.000000004000.p.0.h5" (mode r)>
reading in files ...
/scratch/TMCMC_output/stage_1/chain_1_batch_0/run_1/tmp/hdf5/000000004000
<HDF5 file "RBC_HO.000000004000.p.0.h5" (mode r)>
reading in files ...
/scratch/TMCMC_output/stage_1/chain_1_batch_0/run_2/tmp/hdf5/000000004000
<HDF5 file "RBC_HO.000000004000.p.0.h5" (mode r)>
reading in files ...
/scratch/TMCMC_output/stage_1/chain_1_batch_0/run_3/tmp/hdf5/000000004000
<HDF5 file "RBC_HO.000000004000.p.0.h5" (mode r)>
reading in files ...
/scratch/TMCMC_output/stage_1/chain_1_batch_0/run_4/tmp/hdf5/000000004000
<HDF5 file "RBC_HO.000000004000.p.0.h5" (mode r)>
reading in files ...
/scratch/TMCMC_output/stage_1/chain_1_batch_0/run_5/tmp/hdf5/000000004000
<HDF5 file "RBC_HO.000000004000.p.0.h5" (mode r)>
reading in files ...
/scratch/TMCMC_output/stage_1/chain_1_batch_0/run_6/tmp/hdf5/000000004000
<HDF5 file "RBC_HO.000000004000.p.0.h5" (mode r)>
reading in files ...
/scratch/TMCMC_output/stage_1/chain_1_batch_0/run_7/tmp/hdf5/000000004000
<HDF5 file "RBC_HO.000000004000.p.0.h5" (mode r)>
reading in files ...
/scratch/TMCMC_output/stage_1/chain_1_batch_0/run_8/tmp/hdf5/000000004000
<HDF5 file "RBC_HO.000000004000.p.0.h5" (mode r)>
reading in files ...
/scratch/TMCMC_output/stage_1/chain_1_batch_0/run_9/tmp/hdf5/000000004000
<HDF5 file "RBC_HO.000000004000.p.0.h5" (mode r)>
reading in files ...
/scratch/TMCMC_output/stage_1/chain_1_batch_0/run_10/tmp/hdf5/000000004000
<HDF5 file "RBC_HO.000000004000.p.0.h5" (mode r)>
reading in files ...
/scratch/TMCMC_output/stage_1/chain_1_batch_0/run_11/tmp/hdf5/000000004000
<HDF5 file "RBC_HO.000000004000.p.0.h5" (mode r)>
reading in files ...
/scratch/TMCMC_output/stage_1/chain_0_batch_1/run_0/tmp/hdf5/000000004000
<HDF5 file "RBC_HO.000000004000.p.0.h5" (mode r)>
reading in files ...
/scratch/TMCMC_output/stage_1/chain_0_batch_1/run_1/tmp/hdf5/000000004000
<HDF5 file "RBC_HO.000000004000.p.0.h5" (mode r)>
reading in files ...
/scratch/TMCMC_output/stage_1/chain_0_batch_1/run_2/tmp/hdf5/000000004000
<HDF5 file "RBC_HO.000000004000.p.0.h5" (mode r)>
reading in files ...
/scratch/TMCMC_output/stage_1/chain_0_batch_1/run_3/tmp/hdf5/000000004000
<HDF5 file "RBC_HO.000000004000.p.0.h5" (mode r)>
reading in files ...
/scratch/TMCMC_output/stage_1/chain_0_batch_1/run_4/tmp/hdf5/000000004000
<HDF5 file "RBC_HO.000000004000.p.0.h5" (mode r)>
reading in files ...
/scratch/TMCMC_output/stage_1/chain_0_batch_1/run_5/tmp/hdf5/000000004000
<HDF5 file "RBC_HO.000000004000.p.0.h5" (mode r)>
reading in files ...
/scratch/TMCMC_output/stage_1/chain_0_batch_1/run_6/tmp/hdf5/000000004000
<HDF5 file "RBC_HO.000000004000.p.0.h5" (mode r)>
reading in files ...
/scratch/TMCMC_output/stage_1/chain_0_batch_1/run_7/tmp/hdf5/000000004000
<HDF5 file "RBC_HO.000000004000.p.0.h5" (mode r)>
reading in files ...
/scratch/TMCMC_output/stage_1/chain_0_batch_1/run_8/tmp/hdf5/000000004000
<HDF5 file "RBC_HO.000000004000.p.0.h5" (mode r)>
reading in files ...
/scratch/TMCMC_output/stage_1/chain_0_batch_1/run_9/tmp/hdf5/000000004000
<HDF5 file "RBC_HO.000000004000.p.0.h5" (mode r)>
reading in files ...
/scratch/TMCMC_output/stage_1/chain_0_batch_1/run_10/tmp/hdf5/000000004000
<HDF5 file "RBC_HO.000000004000.p.0.h5" (mode r)>
reading in files ...
/scratch/TMCMC_output/stage_1/chain_0_batch_1/run_11/tmp/hdf5/000000004000
<HDF5 file "RBC_HO.000000004000.p.0.h5" (mode r)>
Current max likelihood: 19868023.8828
Calculating p for stage 2...
p: 1.0
COV: 0.863096338744
Running stage 2...
reading in files ...
/scratch/TMCMC_output/stage_2/chain_0_batch_0/run_0/tmp/hdf5/000000004000
<HDF5 file "RBC_HO.000000004000.p.0.h5" (mode r)>
reading in files ...
/scratch/TMCMC_output/stage_2/chain_0_batch_0/run_1/tmp/hdf5/000000004000
<HDF5 file "RBC_HO.000000004000.p.0.h5" (mode r)>
reading in files ...
/scratch/TMCMC_output/stage_2/chain_0_batch_0/run_2/tmp/hdf5/000000004000
<HDF5 file "RBC_HO.000000004000.p.0.h5" (mode r)>
reading in files ...
/scratch/TMCMC_output/stage_2/chain_0_batch_0/run_3/tmp/hdf5/000000004000
<HDF5 file "RBC_HO.000000004000.p.0.h5" (mode r)>
reading in files ...
/scratch/TMCMC_output/stage_2/chain_0_batch_0/run_4/tmp/hdf5/000000004000
<HDF5 file "RBC_HO.000000004000.p.0.h5" (mode r)>
reading in files ...
/scratch/TMCMC_output/stage_2/chain_0_batch_0/run_5/tmp/hdf5/000000004000
<HDF5 file "RBC_HO.000000004000.p.0.h5" (mode r)>
reading in files ...
/scratch/TMCMC_output/stage_2/chain_0_batch_0/run_6/tmp/hdf5/000000004000
<HDF5 file "RBC_HO.000000004000.p.0.h5" (mode r)>
reading in files ...
/scratch/TMCMC_output/stage_2/chain_0_batch_0/run_7/tmp/hdf5/000000004000
<HDF5 file "RBC_HO.000000004000.p.0.h5" (mode r)>
reading in files ...
/scratch/TMCMC_output/stage_2/chain_0_batch_0/run_8/tmp/hdf5/000000004000
<HDF5 file "RBC_HO.000000004000.p.0.h5" (mode r)>
reading in files ...
/scratch/TMCMC_output/stage_2/chain_0_batch_0/run_9/tmp/hdf5/000000004000
<HDF5 file "RBC_HO.000000004000.p.0.h5" (mode r)>
reading in files ...
/scratch/TMCMC_output/stage_2/chain_0_batch_0/run_10/tmp/hdf5/000000004000
<HDF5 file "RBC_HO.000000004000.p.0.h5" (mode r)>
reading in files ...
/scratch/TMCMC_output/stage_2/chain_0_batch_0/run_11/tmp/hdf5/000000004000
<HDF5 file "RBC_HO.000000004000.p.0.h5" (mode r)>
reading in files ...
/scratch/TMCMC_output/stage_2/chain_0_batch_1/run_0/tmp/hdf5/000000004000
<HDF5 file "RBC_HO.000000004000.p.0.h5" (mode r)>
reading in files ...
/scratch/TMCMC_output/stage_2/chain_0_batch_1/run_1/tmp/hdf5/000000004000
<HDF5 file "RBC_HO.000000004000.p.0.h5" (mode r)>
reading in files ...
/scratch/TMCMC_output/stage_2/chain_0_batch_1/run_2/tmp/hdf5/000000004000
<HDF5 file "RBC_HO.000000004000.p.0.h5" (mode r)>
reading in files ...
/scratch/TMCMC_output/stage_2/chain_0_batch_1/run_3/tmp/hdf5/000000004000
<HDF5 file "RBC_HO.000000004000.p.0.h5" (mode r)>
reading in files ...
/scratch/TMCMC_output/stage_2/chain_0_batch_1/run_4/tmp/hdf5/000000004000
<HDF5 file "RBC_HO.000000004000.p.0.h5" (mode r)>
reading in files ...
/scratch/TMCMC_output/stage_2/chain_0_batch_1/run_5/tmp/hdf5/000000004000
<HDF5 file "RBC_HO.000000004000.p.0.h5" (mode r)>
reading in files ...
/scratch/TMCMC_output/stage_2/chain_0_batch_1/run_6/tmp/hdf5/000000004000
<HDF5 file "RBC_HO.000000004000.p.0.h5" (mode r)>
reading in files ...
/scratch/TMCMC_output/stage_2/chain_0_batch_1/run_7/tmp/hdf5/000000004000
<HDF5 file "RBC_HO.000000004000.p.0.h5" (mode r)>
reading in files ...
/scratch/TMCMC_output/stage_2/chain_0_batch_1/run_8/tmp/hdf5/000000004000
<HDF5 file "RBC_HO.000000004000.p.0.h5" (mode r)>
reading in files ...
/scratch/TMCMC_output/stage_2/chain_0_batch_1/run_9/tmp/hdf5/000000004000
<HDF5 file "RBC_HO.000000004000.p.0.h5" (mode r)>
reading in files ...
/scratch/TMCMC_output/stage_2/chain_0_batch_1/run_10/tmp/hdf5/000000004000
<HDF5 file "RBC_HO.000000004000.p.0.h5" (mode r)>
reading in files ...
/scratch/TMCMC_output/stage_2/chain_0_batch_1/run_11/tmp/hdf5/000000004000
<HDF5 file "RBC_HO.000000004000.p.0.h5" (mode r)>
reading in files ...
/scratch/TMCMC_output/stage_2/chain_0_batch_2/run_0/tmp/hdf5/000000004000
<HDF5 file "RBC_HO.000000004000.p.0.h5" (mode r)>
reading in files ...
/scratch/TMCMC_output/stage_2/chain_0_batch_2/run_1/tmp/hdf5/000000004000
<HDF5 file "RBC_HO.000000004000.p.0.h5" (mode r)>
reading in files ...
/scratch/TMCMC_output/stage_2/chain_0_batch_2/run_2/tmp/hdf5/000000004000
<HDF5 file "RBC_HO.000000004000.p.0.h5" (mode r)>
reading in files ...
/scratch/TMCMC_output/stage_2/chain_0_batch_2/run_3/tmp/hdf5/000000004000
<HDF5 file "RBC_HO.000000004000.p.0.h5" (mode r)>
reading in files ...
/scratch/TMCMC_output/stage_2/chain_0_batch_2/run_4/tmp/hdf5/000000004000
<HDF5 file "RBC_HO.000000004000.p.0.h5" (mode r)>
reading in files ...
/scratch/TMCMC_output/stage_2/chain_0_batch_2/run_5/tmp/hdf5/000000004000
<HDF5 file "RBC_HO.000000004000.p.0.h5" (mode r)>
reading in files ...
/scratch/TMCMC_output/stage_2/chain_0_batch_2/run_6/tmp/hdf5/000000004000
<HDF5 file "RBC_HO.000000004000.p.0.h5" (mode r)>
reading in files ...
/scratch/TMCMC_output/stage_2/chain_0_batch_2/run_7/tmp/hdf5/000000004000
<HDF5 file "RBC_HO.000000004000.p.0.h5" (mode r)>
reading in files ...
/scratch/TMCMC_output/stage_2/chain_0_batch_2/run_8/tmp/hdf5/000000004000
<HDF5 file "RBC_HO.000000004000.p.0.h5" (mode r)>
reading in files ...
/scratch/TMCMC_output/stage_2/chain_0_batch_2/run_9/tmp/hdf5/000000004000
<HDF5 file "RBC_HO.000000004000.p.0.h5" (mode r)>
reading in files ...
/scratch/TMCMC_output/stage_2/chain_0_batch_2/run_10/tmp/hdf5/000000004000
<HDF5 file "RBC_HO.000000004000.p.0.h5" (mode r)>
reading in files ...
/scratch/TMCMC_output/stage_2/chain_0_batch_2/run_11/tmp/hdf5/000000004000
<HDF5 file "RBC_HO.000000004000.p.0.h5" (mode r)>
Current max likelihood: 19988973.2032
mkdir: cannot create directory '/home/kdevries/results': File exists
