Initializing...
Error occured in: /scratch/TMCMC_output/stage_0/batch_92/run_6
Error occured in: /scratch/TMCMC_output/stage_0/batch_597/run_3
Error occured in: /scratch/TMCMC_output/stage_0/batch_607/run_8
Error occured in: /scratch/TMCMC_output/stage_0/batch_768/run_6
Error occured in: /scratch/TMCMC_output/stage_0/batch_847/run_9
Current max likelihood: 24608314.8492
Calculating p for stage 1...
p: 0.374847401926
COV: 0.999999856309
Running stage 1...
Segmentation fault occurred in /scratch/TMCMC_output/stage_1/chain_187_batch_0/run_8, process requeued
Segmentation fault occurred in /scratch/TMCMC_output/stage_1/chain_270_batch_0/run_9, process requeued
Segmentation fault occurred in /scratch/TMCMC_output/stage_1/chain_342_batch_0/run_7, process requeued
Segmentation fault occurred in /scratch/TMCMC_output/stage_1/chain_361_batch_0/run_0, process requeued
Segmentation fault occurred in /scratch/TMCMC_output/stage_1/chain_423_batch_0/run_6, process requeued
Segmentation fault occurred in /scratch/TMCMC_output/stage_1/chain_129_batch_1/run_0, process requeued
Segmentation fault occurred in /scratch/TMCMC_output/stage_1/chain_138_batch_1/run_7, process requeued
Segmentation fault occurred in /scratch/TMCMC_output/stage_1/chain_199_batch_1/run_0, process requeued
Segmentation fault occurred in /scratch/TMCMC_output/stage_1/chain_253_batch_1/run_9, process requeued
Segmentation fault occurred in /scratch/TMCMC_output/stage_1/chain_285_batch_1/run_7, process requeued
Segmentation fault occurred in /scratch/TMCMC_output/stage_1/chain_205_batch_2/run_7, process requeued
Current max likelihood: 25476278.9566
Calculating p for stage 2...
p: 1.0
COV: 0.792884252482
Running stage 2...
Segmentation fault occurred in /scratch/TMCMC_output/stage_2/chain_115_batch_0/run_6, process requeued
Segmentation fault occurred in /scratch/TMCMC_output/stage_2/chain_188_batch_0/run_2, process requeued
Segmentation fault occurred in /scratch/TMCMC_output/stage_2/chain_233_batch_0/run_9, process requeued
Segmentation fault occurred in /scratch/TMCMC_output/stage_2/chain_237_batch_0/run_5, process requeued
Segmentation fault occurred in /scratch/TMCMC_output/stage_2/chain_278_batch_0/run_8, process requeued
Segmentation fault occurred in /scratch/TMCMC_output/stage_2/chain_334_batch_0/run_6, process requeued
Segmentation fault occurred in /scratch/TMCMC_output/stage_2/chain_411_batch_0/run_2, process requeued
Segmentation fault occurred in /scratch/TMCMC_output/stage_2/chain_314_batch_1/run_7, process requeued
Segmentation fault occurred in /scratch/TMCMC_output/stage_2/chain_55_batch_2/run_10, process requeued
Segmentation fault occurred in /scratch/TMCMC_output/stage_2/chain_102_batch_2/run_9, process requeued
Current max likelihood: 25727294.0347
