Model type: visc
Starting script
Thu Jun  6 20:41:35 CEST 2019
Output directory: /scratch-shared/hemocell_train.0Jscw
Job running on tcn150
ssh to node tcn151
ssh to node tcn153
ssh to node tcn154
ssh to node tcn158
ssh to node tcn159
ssh to node tcn753
ssh to node tcn755
ssh to node tcn793
ssh to node tcn794
ssh to node tcn799
ssh to node tcn806
ssh to node tcn829
ssh to node tcn841
ssh to node tcn1234
ssh to node tcn1237
ssh to node tcn1539
ssh to node tcn1540
ssh to node tcn1546
ssh to node tcn1604
Warning: Permanently added 'tcn841,10.200.204.198' (ECDSA) to the list of known hosts.
Warning: Permanently added 'tcn1539,10.200.207.128' (ECDSA) to the list of known hosts.
Warning: Permanently added 'tcn793,10.200.204.150' (ECDSA) to the list of known hosts.
Warning: Permanently added 'tcn158,10.200.201.31' (ECDSA) to the list of known hosts.
Warning: Permanently added 'tcn799,10.200.204.156' (ECDSA) to the list of known hosts.
Warning: Permanently added 'tcn1546,10.200.207.135' (ECDSA) to the list of known hosts.
Warning: Permanently added 'tcn794,10.200.204.151' (ECDSA) to the list of known hosts.
Warning: Permanently added 'tcn1540,10.200.207.129' (ECDSA) to the list of known hosts.
Warning: Permanently added 'tcn806,10.200.204.163' (ECDSA) to the list of known hosts.
Warning: Permanently added 'tcn1234,10.200.206.79' (ECDSA) to the list of known hosts.
Warning: Permanently added 'tcn159,10.200.201.32' (ECDSA) to the list of known hosts.
Warning: Permanently added 'tcn1604,10.200.207.193' (ECDSA) to the list of known hosts.
Warning: Permanently added 'tcn755,10.200.204.112' (ECDSA) to the list of known hosts.
Warning: Permanently added 'tcn829,10.200.204.186' (ECDSA) to the list of known hosts.
Warning: Permanently added 'tcn151,10.200.201.24' (ECDSA) to the list of known hosts.
Warning: Permanently added 'tcn154,10.200.201.27' (ECDSA) to the list of known hosts.
Warning: Permanently added 'tcn753,10.200.204.110' (ECDSA) to the list of known hosts.
Warning: Permanently added 'tcn153,10.200.201.26' (ECDSA) to the list of known hosts.
load HDF5 Library (SURFSARA_HDF5_ROOT,SURFSARA_HDF5_LIB,SURFSARA_HDF5_INCLUDE).
load HDF5 Library (SURFSARA_HDF5_ROOT,SURFSARA_HDF5_LIB,SURFSARA_HDF5_INCLUDE).
load HDF5 Library (SURFSARA_HDF5_ROOT,SURFSARA_HDF5_LIB,SURFSARA_HDF5_INCLUDE).
load HDF5 Library (SURFSARA_HDF5_ROOT,SURFSARA_HDF5_LIB,SURFSARA_HDF5_INCLUDE).
load HDF5 Library (SURFSARA_HDF5_ROOT,SURFSARA_HDF5_LIB,SURFSARA_HDF5_INCLUDE).
load HDF5 Library (SURFSARA_HDF5_ROOT,SURFSARA_HDF5_LIB,SURFSARA_HDF5_INCLUDE).
load HDF5 Library (SURFSARA_HDF5_ROOT,SURFSARA_HDF5_LIB,SURFSARA_HDF5_INCLUDE).
load HDF5 Library (SURFSARA_HDF5_ROOT,SURFSARA_HDF5_LIB,SURFSARA_HDF5_INCLUDE).
load HDF5 Library (SURFSARA_HDF5_ROOT,SURFSARA_HDF5_LIB,SURFSARA_HDF5_INCLUDE).
load HDF5 Library (SURFSARA_HDF5_ROOT,SURFSARA_HDF5_LIB,SURFSARA_HDF5_INCLUDE).
load HDF5 Library (SURFSARA_HDF5_ROOT,SURFSARA_HDF5_LIB,SURFSARA_HDF5_INCLUDE).
load HDF5 Library (SURFSARA_HDF5_ROOT,SURFSARA_HDF5_LIB,SURFSARA_HDF5_INCLUDE).
load HDF5 Library (SURFSARA_HDF5_ROOT,SURFSARA_HDF5_LIB,SURFSARA_HDF5_INCLUDE).
load HDF5 Library (SURFSARA_HDF5_ROOT,SURFSARA_HDF5_LIB,SURFSARA_HDF5_INCLUDE).
load HDF5 Library (SURFSARA_HDF5_ROOT,SURFSARA_HDF5_LIB,SURFSARA_HDF5_INCLUDE).
load HDF5 Library (SURFSARA_HDF5_ROOT,SURFSARA_HDF5_LIB,SURFSARA_HDF5_INCLUDE).
load HDF5 Library (SURFSARA_HDF5_ROOT,SURFSARA_HDF5_LIB,SURFSARA_HDF5_INCLUDE).
load HDF5 Library (SURFSARA_HDF5_ROOT,SURFSARA_HDF5_LIB,SURFSARA_HDF5_INCLUDE).
load HDF5 Library (SURFSARA_HDF5_ROOT,SURFSARA_HDF5_LIB,SURFSARA_HDF5_INCLUDE).
[Errno 111] Connection refused
Will try to connect again in 5 seconds
[Errno 111] Connection refused
Will try to connect again in 5 seconds
[Errno 111] Connection refused
Will try to connect again in 5 seconds
[Errno 111] Connection refused
Will try to connect again in 5 seconds
[Errno 111] Connection refused
Will try to connect again in 5 seconds
[Errno 111] Connection refused
Will try to connect again in 5 seconds
[Errno 111] Connection refused
Will try to connect again in 5 seconds
[Errno 111] Connection refused
Will try to connect again in 5 seconds
[Errno 111] Connection refused
Will try to connect again in 5 seconds
[Errno 111] Connection refused
Will try to connect again in 5 seconds
[Errno 111] Connection refused
Will try to connect again in 5 seconds
[Errno 111] Connection refused
Will try to connect again in 5 seconds
[Errno 111] Connection refused
Will try to connect again in 5 seconds
[Errno 111] Connection refused
Will try to connect again in 5 seconds
[Errno 111] Connection refused
Will try to connect again in 5 seconds
[Errno 111] Connection refused
Will try to connect again in 5 seconds
[Errno 111] Connection refused
Will try to connect again in 5 seconds
[Errno 111] Connection refused
Will try to connect again in 5 seconds
[Errno 111] Connection refused
Will try to connect again in 5 seconds
[Errno 111] Connection refused
Will try to connect again in 5 seconds
[Errno 111] Connection refused
Will try to connect again in 5 seconds
[Errno 111] Connection refused
Will try to connect again in 5 seconds
[Errno 111] Connection refused
Will try to connect again in 5 seconds
[Errno 111] Connection refused
Will try to connect again in 5 seconds
[Errno 111] Connection refused
Will try to connect again in 5 seconds
[Errno 111] Connection refused
Will try to connect again in 5 seconds
[Errno 111] Connection refused
Will try to connect again in 5 seconds
[Errno 111] Connection refused
Will try to connect again in 5 seconds
[Errno 111] Connection refused
Will try to connect again in 5 seconds
[Errno 111] Connection refused
Will try to connect again in 5 seconds
[Errno 111] Connection refused
Will try to connect again in 5 seconds
[Errno 111] Connection refused
Will try to connect again in 5 seconds
[Errno 111] Connection refused
Will try to connect again in 5 seconds
[Errno 111] Connection refused
Will try to connect again in 5 seconds
[Errno 111] Connection refused
Will try to connect again in 5 seconds
[Errno 111] Connection refused
Will try to connect again in 5 seconds
[Errno 111] Connection refused
Will try to connect again in 5 seconds
[Errno 111] Connection refused
Will try to connect again in 5 seconds
[Errno 111] Connection refused
Will try to connect again in 5 seconds
[Errno 111] Connection refused
Will try to connect again in 5 seconds
[Errno 111] Connection refused
Will try to connect again in 5 seconds
[Errno 111] Connection refused
Will try to connect again in 5 seconds
[Errno 111] Connection refused
Will try to connect again in 5 seconds
[Errno 111] Connection refused
Will try to connect again in 5 seconds
[Errno 111] Connection refused
Will try to connect again in 5 seconds
[Errno 111] Connection refused
Will try to connect again in 5 seconds
[Errno 111] Connection refused
Will try to connect again in 5 seconds
[Errno 111] Connection refused
Will try to connect again in 5 seconds
[Errno 111] Connection refused
Will try to connect again in 5 seconds
[Errno 111] Connection refused
Will try to connect again in 5 seconds
[Errno 111] Connection refused
Will try to connect again in 5 seconds
[Errno 111] Connection refused
Will try to connect again in 5 seconds
[Errno 111] Connection refused
Will try to connect again in 5 seconds
[Errno 111] Connection refused
Will try to connect again in 5 seconds
[Errno 111] Connection refused
Will try to connect again in 5 seconds
[Errno 111] Connection refused
Will try to connect again in 5 seconds
[Errno 111] Connection refused
Will try to connect again in 5 seconds
[Errno 111] Connection refused
Will try to connect again in 5 seconds
[Errno 111] Connection refused
Will try to connect again in 5 seconds
[Errno 111] Connection refused
Will try to connect again in 5 seconds
[Errno 111] Connection refused
Will try to connect again in 5 seconds
[Errno 111] Connection refused
Will try to connect again in 5 seconds
[Errno 111] Connection refused
Will try to connect again in 5 seconds
[Errno 111] Connection refused
Will try to connect again in 5 seconds
[Errno 111] Connection refused
Will try to connect again in 5 seconds
[Errno 111] Connection refused
Will try to connect again in 5 seconds
[Errno 111] Connection refused
Will try to connect again in 5 seconds
[Errno 111] Connection refused
Will try to connect again in 5 seconds
[Errno 111] Connection refused
Will try to connect again in 5 seconds
[Errno 111] Connection refused
Will try to connect again in 5 seconds
[Errno 111] Connection refused
Will try to connect again in 5 seconds
[Errno 111] Connection refused
Will try to connect again in 5 seconds
[Errno 111] Connection refused
Will try to connect again in 5 seconds
[Errno 111] Connection refused
Will try to connect again in 5 seconds
[Errno 111] Connection refused
Will try to connect again in 5 seconds
[Errno 111] Connection refused
Will try to connect again in 5 seconds
[Errno 111] Connection refused
Will try to connect again in 5 seconds
[Errno 111] Connection refused
Will try to connect again in 5 seconds
[Errno 111] Connection refused
Will try to connect again in 5 seconds
[Errno 111] Connection refused
Will try to connect again in 5 seconds
[Errno 111] Connection refused
Will try to connect again in 5 seconds
[Errno 111] Connection refused
Will try to connect again in 5 seconds
[Errno 111] Connection refused
Will try to connect again in 5 seconds
[Errno 111] Connection refused
Will try to connect again in 5 seconds
[Errno 111] Connection refused
Will try to connect again in 5 seconds
[Errno 111] Connection refused
Will try to connect again in 5 seconds
[Errno 111] Connection refused
Will try to connect again in 5 seconds
[Errno 111] Connection refused
Will try to connect again in 5 seconds
[Errno 111] Connection refused
Will try to connect again in 5 seconds
[Errno 111] Connection refused
Will try to connect again in 5 seconds
[Errno 111] Connection refused
Will try to connect again in 5 seconds
[Errno 111] Connection refused
Will try to connect again in 5 seconds
[Errno 111] Connection refused
Will try to connect again in 5 seconds
[Errno 111] Connection refused
Will try to connect again in 5 seconds
[Errno 111] Connection refused
Will try to connect again in 5 seconds
[Errno 111] Connection refused
Will try to connect again in 5 seconds
[Errno 111] Connection refused
Will try to connect again in 5 seconds
[Errno 111] Connection refused
Will try to connect again in 5 seconds
[Errno 111] Connection refused
Will try to connect again in 5 seconds
[Errno 111] Connection refused
Will try to connect again in 5 seconds
[Errno 111] Connection refused
Will try to connect again in 5 seconds
[Errno 111] Connection refused
Will try to connect again in 5 seconds
[Errno 111] Connection refused
Will try to connect again in 5 seconds
[Errno 111] Connection refused
Will try to connect again in 5 seconds
[Errno 111] Connection refused
Will try to connect again in 5 seconds
[Errno 111] Connection refused
Will try to connect again in 5 seconds
[Errno 111] Connection refused
Will try to connect again in 5 seconds
[Errno 111] Connection refused
Will try to connect again in 5 seconds
[Errno 111] Connection refused
Will try to connect again in 5 seconds
[Errno 111] Connection refused
Will try to connect again in 5 seconds
[Errno 111] Connection refused
Will try to connect again in 5 seconds
[Errno 111] Connection refused
Will try to connect again in 5 seconds
[Errno 111] Connection refused
Will try to connect again in 5 seconds
[Errno 111] Connection refused
Will try to connect again in 5 seconds
[Errno 111] Connection refused
Will try to connect again in 5 seconds
[Errno 111] Connection refused
Will try to connect again in 5 seconds
[Errno 111] Connection refused
Will try to connect again in 5 seconds
[Errno 111] Connection refused
Will try to connect again in 5 seconds
[Errno 111] Connection refused
Will try to connect again in 5 seconds
[Errno 111] Connection refused
Will try to connect again in 5 seconds
[Errno 111] Connection refused
Will try to connect again in 5 seconds
[Errno 111] Connection refused
Will try to connect again in 5 seconds
[Errno 111] Connection refused
Will try to connect again in 5 seconds
[Errno 111] Connection refused
Will try to connect again in 5 seconds
[Errno 111] Connection refused
Will try to connect again in 5 seconds
[Errno 111] Connection refused
Will try to connect again in 5 seconds
[Errno 111] Connection refused
Will try to connect again in 5 seconds
[Errno 111] Connection refused
Will try to connect again in 5 seconds
[Errno 111] Connection refused
Will try to connect again in 5 seconds
[Errno 111] Connection refused
Will try to connect again in 5 seconds
[Errno 111] Connection refused
Will try to connect again in 5 seconds
[Errno 111] Connection refused
Will try to connect again in 5 seconds
[Errno 111] Connection refused
Will try to connect again in 5 seconds
[Errno 111] Connection refused
Will try to connect again in 5 seconds
[Errno 111] Connection refused
Will try to connect again in 5 seconds
[Errno 111] Connection refused
Will try to connect again in 5 seconds
[Errno 111] Connection refused
Will try to connect again in 5 seconds
[Errno 111] Connection refused
Will try to connect again in 5 seconds
[Errno 111] Connection refused
Will try to connect again in 5 seconds
[Errno 111] Connection refused
Will try to connect again in 5 seconds
[Errno 111] Connection refused
Will try to connect again in 5 seconds
[Errno 111] Connection refused
Will try to connect again in 5 seconds
[Errno 111] Connection refused
Will try to connect again in 5 seconds
[Errno 111] Connection refused
Will try to connect again in 5 seconds
[Errno 111] Connection refused
Will try to connect again in 5 seconds
[Errno 111] Connection refused
Will try to connect again in 5 seconds
[Errno 111] Connection refused
Will try to connect again in 5 seconds
[Errno 111] Connection refused
Will try to connect again in 5 seconds
[Errno 111] Connection refused
Will try to connect again in 5 seconds
[Errno 111] Connection refused
Will try to connect again in 5 seconds
[Errno 111] Connection refused
Will try to connect again in 5 seconds
[Errno 111] Connection refused
Will try to connect again in 5 seconds
[Errno 111] Connection refused
Will try to connect again in 5 seconds
[Errno 111] Connection refused
Will try to connect again in 5 seconds
[Errno 111] Connection refused
Will try to connect again in 5 seconds
[Errno 111] Connection refused
Will try to connect again in 5 seconds
[Errno 111] Connection refused
Will try to connect again in 5 seconds
[Errno 111] Connection refused
Will try to connect again in 5 seconds
[Errno 111] Connection refused
Will try to connect again in 5 seconds
[Errno 111] Connection refused
Will try to connect again in 5 seconds
[Errno 111] Connection refused
Will try to connect again in 5 seconds
[Errno 111] Connection refused
Will try to connect again in 5 seconds
[Errno 111] Connection refused
Will try to connect again in 5 seconds
[Errno 111] Connection refused
Will try to connect again in 5 seconds
[Errno 111] Connection refused
Will try to connect again in 5 seconds
[Errno 111] Connection refused
Will try to connect again in 5 seconds
[Errno 111] Connection refused
Will try to connect again in 5 seconds
[Errno 111] Connection refused
Will try to connect again in 5 seconds
[Errno 111] Connection refused
Will try to connect again in 5 seconds
[Errno 111] Connection refused
Will try to connect again in 5 seconds
[Errno 111] Connection refused
Will try to connect again in 5 seconds
[Errno 111] Connection refused
Will try to connect again in 5 seconds
[Errno 111] Connection refused
Will try to connect again in 5 seconds
[Errno 111] Connection refused
Will try to connect again in 5 seconds
[Errno 111] Connection refused
Will try to connect again in 5 seconds
[Errno 111] Connection refused
Will try to connect again in 5 seconds
[Errno 111] Connection refused
Will try to connect again in 5 seconds
[Errno 111] Connection refused
Will try to connect again in 5 seconds
[Errno 111] Connection refused
Will try to connect again in 5 seconds
[Errno 111] Connection refused
Will try to connect again in 5 seconds
[Errno 111] Connection refused
Will try to connect again in 5 seconds
[Errno 111] Connection refused
Will try to connect again in 5 seconds
[Errno 111] Connection refused
Will try to connect again in 5 seconds
[Errno 111] Connection refused
Will try to connect again in 5 seconds
[Errno 111] Connection refused
Will try to connect again in 5 seconds
[Errno 111] Connection refused
Will try to connect again in 5 seconds
[Errno 111] Connection refused
Will try to connect again in 5 seconds
Evaluating...
Successfully connected to server
Successfully connected to server
Server connected to client with 24 processes
Server connected to client with 24 processes
Successfully connected to server
Server connected to client with 24 processes
Successfully connected to server
Server connected to client with 24 processes
Successfully connected to server
Successfully connected to server
Successfully connected to server
Successfully connected to server
Successfully connected to server
Successfully connected to server
Successfully connected to server
Successfully connected to server
Server connected to client with 24 processes
Server connected to client with 24 processes
Server connected to client with 24 processes
Server connected to client with 24 processes
Server connected to client with 24 processes
Server connected to client with 24 processes
Successfully connected to server
Successfully connected to server
Successfully connected to server
Successfully connected to server
Successfully connected to server
Successfully connected to server
Server connected to client with 24 processes
Server connected to client with 24 processes
Server connected to client with 24 processes
Server connected to client with 24 processes
Server connected to client with 24 processes
Server connected to client with 24 processes
Server connected to client with 24 processes
Server connected to client with 24 processes
Successfully connected to server
Server connected to client with 24 processes
RBC broke before convergence in train_output/batch_3712/run_0/tmp/hdf5/, returning dummy value
RBC broke before convergence in train_output/batch_4181/run_0/tmp/hdf5/, returning dummy value
RBC broke before convergence in train_output/batch_4215/run_0/tmp/hdf5/, returning dummy value
RBC broke before convergence in train_output/batch_4531/run_0/tmp/hdf5/, returning dummy value
RBC broke before convergence in train_output/batch_4477/run_0/tmp/hdf5/, returning dummy value
RBC broke before convergence in train_output/batch_4553/run_0/tmp/hdf5/, returning dummy value
RBC broke before convergence in train_output/batch_4612/run_0/tmp/hdf5/, returning dummy value
RBC broke before convergence in train_output/batch_4599/run_0/tmp/hdf5/, returning dummy value
RBC broke before convergence in train_output/batch_4664/run_0/tmp/hdf5/, returning dummy value
RBC broke before convergence in train_output/batch_4662/run_0/tmp/hdf5/, returning dummy value
RBC broke before convergence in train_output/batch_4731/run_0/tmp/hdf5/, returning dummy value
RBC broke before convergence in train_output/batch_4779/run_0/tmp/hdf5/, returning dummy value
RBC broke before convergence in train_output/batch_4770/run_0/tmp/hdf5/, returning dummy value
RBC broke before convergence in train_output/batch_4774/run_0/tmp/hdf5/, returning dummy value
RBC broke before convergence in train_output/batch_4887/run_0/tmp/hdf5/, returning dummy value
RBC broke before convergence in train_output/batch_4903/run_0/tmp/hdf5/, returning dummy value
RBC broke before convergence in train_output/batch_4899/run_0/tmp/hdf5/, returning dummy value
RBC broke before convergence in train_output/batch_4922/run_0/tmp/hdf5/, returning dummy value
RBC broke before convergence in train_output/batch_4994/run_0/tmp/hdf5/, returning dummy value
Client closed. Goodbye :)
Client closed. Goodbye :)
Client closed. Goodbye :)
Client closed. Goodbye :)
Client closed. Goodbye :)
Client closed. Goodbye :)
Client closed. Goodbye :)
Client closed. Goodbye :)
Client closed. Goodbye :)
Client closed. Goodbye :)
Client closed. Goodbye :)
Client closed. Goodbye :)
Client closed. Goodbye :)
Client closed. Goodbye :)
Client closed. Goodbye :)
Client closed. Goodbye :)
Client closed. Goodbye :)
Client closed. Goodbye :)
Client closed. Goodbye :)
Ending script
Fri Jun  7 06:39:29 CEST 2019
